#
# A fatal error has been detected by the Java Runtime Environment:
#
#  EXCEPTION_ACCESS_VIOLATION (0xc0000005) at pc=0x00007ffcf0f1c9e6, pid=14004, tid=14112
#
# JRE version: OpenJDK Runtime Environment (11.0.10) (build 11.0.10+0-b96-7249189)
# Java VM: OpenJDK 64-Bit Server VM (11.0.10+0-b96-7249189, mixed mode, tiered, compressed oops, g1 gc, windows-amd64)
# Problematic frame:
# V  [jvm.dll+0x18c9e6]
#
# No core dump will be written. Minidumps are not enabled by default on client versions of Windows
#
# If you would like to submit a bug report, please visit:
#   https://bugreport.java.com/bugreport/crash.jsp
#

---------------  S U M M A R Y ------------

Command Line: --add-opens=java.base/java.util=ALL-UNNAMED --add-opens=java.base/java.lang=ALL-UNNAMED --add-opens=java.base/java.lang.invoke=ALL-UNNAMED --add-opens=java.base/java.util=ALL-UNNAMED --add-opens=java.prefs/java.util.prefs=ALL-UNNAMED --add-opens=java.prefs/java.util.prefs=ALL-UNNAMED --add-opens=java.base/java.nio.charset=ALL-UNNAMED --add-opens=java.base/java.net=ALL-UNNAMED --add-opens=java.base/java.util.concurrent.atomic=ALL-UNNAMED -Xmx2048m -Dfile.encoding=UTF-8 -Duser.country=BR -Duser.language=pt -Duser.variant org.gradle.launcher.daemon.bootstrap.GradleDaemon 7.0.2

Host: Intel(R) Core(TM) i5-1035G1 CPU @ 1.00GHz, 8 cores, 7G,  Windows 10 , 64 bit Build 22000 (10.0.22000.318)
Time: Tue Nov 16 16:48:22 2021 Hora oficial do Brasil elapsed time: 9463.774306 seconds (0d 2h 37m 43s)

---------------  T H R E A D  ---------------

Current thread (0x000001e538552000):  GCTaskThread "GC Thread#5" [stack: 0x000000c143e00000,0x000000c143f00000] [id=14112]

Stack: [0x000000c143e00000,0x000000c143f00000],  sp=0x000000c143eff428,  free space=1021k
Native frames: (J=compiled Java code, j=interpreted, Vv=VM code, C=native code)
V  [jvm.dll+0x18c9e6]


siginfo: EXCEPTION_ACCESS_VIOLATION (0xc0000005), reading address 0x0000000000000008


Register to memory mapping:

RIP=0x00007ffcf0f1c9e6 jvm.dll
RAX=0x0000000000000001 is an unknown value
RBX=0x000000008cc11f9c is pointing into object: com.android.tools.r8.graph.E 
{0x000000008cc11f70} - klass: 'com/android/tools/r8/graph/E'
RCX=0x00000000904e2e74 is pointing into object: com.android.tools.r8.code.Z 
{0x00000000904e2e60} - klass: 'com/android/tools/r8/code/Z'
RDX=0x00000000904e2e74 is pointing into object: com.android.tools.r8.code.Z 
{0x00000000904e2e60} - klass: 'com/android/tools/r8/code/Z'
RSP=0x000000c143eff428 points into unknown readable memory: 0x00007ffcf108f61c | 1c f6 08 f1 fc 7f 00 00
RBP=0x8cb2d9ab8385f380 is an unknown value
RSI=0x000001e5382417d0 points into unknown readable memory: 0x00007ffcf15b30f8 | f8 30 5b f1 fc 7f 00 00
RDI=0x000001e5382417d0 points into unknown readable memory: 0x00007ffcf15b30f8 | f8 30 5b f1 fc 7f 00 00
R8 =0x00000000904e2e74 is pointing into object: com.android.tools.r8.code.Z 
{0x00000000904e2e60} - klass: 'com/android/tools/r8/code/Z'
R9 =0x0 is NULL
R10=0x00000000904e2e74 is pointing into object: com.android.tools.r8.code.Z 
{0x00000000904e2e60} - klass: 'com/android/tools/r8/code/Z'
R11=0x000001e538241940 points into unknown readable memory: 0x00007ffcf15b30b0 | b0 30 5b f1 fc 7f 00 00
R12=0x0 is NULL
R13=0x0000000000000001 is an unknown value
R14=0x000001e51adab4f0 points into unknown readable memory: 0x00005cb900004a18 | 18 4a 00 00 b9 5c 00 00
R15=0x00000000904e2e74 is pointing into object: com.android.tools.r8.code.Z 
{0x00000000904e2e60} - klass: 'com/android/tools/r8/code/Z'


Registers:
RAX=0x0000000000000001, RBX=0x000000008cc11f9c, RCX=0x00000000904e2e74, RDX=0x00000000904e2e74
RSP=0x000000c143eff428, RBP=0x8cb2d9ab8385f380, RSI=0x000001e5382417d0, RDI=0x000001e5382417d0
R8 =0x00000000904e2e74, R9 =0x0000000000000000, R10=0x00000000904e2e74, R11=0x000001e538241940
R12=0x0000000000000000, R13=0x0000000000000001, R14=0x000001e51adab4f0, R15=0x00000000904e2e74
RIP=0x00007ffcf0f1c9e6, EFLAGS=0x0000000000010246

Top of Stack: (sp=0x000000c143eff428)
0x000000c143eff428:   00007ffcf108f61c 0000000000000002
0x000000c143eff438:   0000000000000015 000001e5382417d0
0x000000c143eff448:   00007ffcf10603fe 000001e51adab470
0x000000c143eff458:   0000000088dd07f0 0000000338241940
0x000000c143eff468:   0000000000000015 0000000000000001
0x000000c143eff478:   000001e5382417d0 0000000000000040
0x000000c143eff488:   000001e51adab4f0 0000000000000000
0x000000c143eff498:   000001e5382417d0 000000c143eff701
0x000000c143eff4a8:   00007ffcf1061282 000001e5382417d0
0x000000c143eff4b8:   00007ffcf1064101 0000000000000a28
0x000000c143eff4c8:   000000008cc11f9c 000001e51adab470
0x000000c143eff4d8:   00007ffcf108db7b 0000000000004a18
0x000000c143eff4e8:   0000000000004a06 000000c143eff701
0x000000c143eff4f8:   00007ffcf109c8d6 0000000088dd0578
0x000000c143eff508:   000001e540357f18 0000000000000000
0x000000c143eff518:   00007ffcf13770ff 000000c143eff5c0 

Instructions: (pc=0x00007ffcf0f1c9e6)
0x00007ffcf0f1c8e6:   82 00 48 d3 e0 48 03 05 1e 22 82 00 eb 04 48 8b
0x00007ffcf0f1c8f6:   43 08 81 78 08 00 00 00 c0 73 7d 48 8b 4f 38 48
0x00007ffcf0f1c906:   8b d3 48 8b 01 ff 50 20 84 c0 75 6c 38 05 80 ac
0x00007ffcf0f1c916:   86 00 74 15 8b 53 08 8b 0d f5 21 82 00 48 d3 e2
0x00007ffcf0f1c926:   48 03 15 e3 21 82 00 eb 04 48 8b 53 08 48 8b cb
0x00007ffcf0f1c936:   48 89 5c 24 20 e8 a0 00 00 00 80 7f 30 00 48 63
0x00007ffcf0f1c946:   c8 48 89 4c 24 28 0f 28 44 24 20 74 17 0f 11 86
0x00007ffcf0f1c956:   98 03 00 00 48 8b 5c 24 40 48 8b 74 24 48 48 83
0x00007ffcf0f1c966:   c4 30 5f c3 48 8b 07 48 8d 54 24 20 48 8b cf 66
0x00007ffcf0f1c976:   0f 7f 44 24 20 ff 50 38 48 8b 5c 24 40 48 8b 74
0x00007ffcf0f1c986:   24 48 48 83 c4 30 5f c3 cc cc 48 8b 49 38 48 8b
0x00007ffcf0f1c996:   01 48 ff 60 28 cc cc cc cc cc 80 3d f1 ab 86 00
0x00007ffcf0f1c9a6:   00 48 8b c1 74 1b 8b 51 08 8b 0d 63 21 82 00 48
0x00007ffcf0f1c9b6:   d3 e2 48 8b c8 48 03 15 4e 21 82 00 e9 19 00 00
0x00007ffcf0f1c9c6:   00 48 8b 51 08 48 8b c8 e9 0d 00 00 00 cc cc cc
0x00007ffcf0f1c9d6:   cc cc cc cc cc cc cc cc cc cc 4c 8b ca 48 8b d1
0x00007ffcf0f1c9e6:   45 8b 41 08 45 85 c0 7e 0e 41 f6 c0 01 75 59 41
0x00007ffcf0f1c9f6:   c1 f8 03 41 8b c0 c3 79 4f 80 3d 92 ab 86 00 00
0x00007ffcf0f1ca06:   b8 0c 00 00 00 b9 10 00 00 00 0f 45 c8 8b 05 ab
0x00007ffcf0f1ca16:   6c 80 00 ff c8 4c 63 c8 48 63 c1 41 8b c8 83 e1
0x00007ffcf0f1ca26:   3f 48 63 14 10 41 8b c0 48 c1 f8 10 0f b6 c0 48
0x00007ffcf0f1ca36:   d3 e2 49 8d 0c 11 49 f7 d1 48 03 c1 49 c1 e9 03
0x00007ffcf0f1ca46:   48 c1 e8 03 41 23 c1 c3 49 8b 01 49 8b c9 48 ff
0x00007ffcf0f1ca56:   a0 10 01 00 00 cc cc cc cc cc 48 83 ec 38 0f 10
0x00007ffcf0f1ca66:   02 48 8b 49 38 48 8d 54 24 20 0f 29 44 24 20 e8
0x00007ffcf0f1ca76:   56 f0 ff ff 48 83 c4 38 c3 cc 48 89 5c 24 08 55
0x00007ffcf0f1ca86:   56 57 41 54 41 55 41 56 41 57 48 8d 6c 24 e0 48
0x00007ffcf0f1ca96:   81 ec 20 01 00 00 48 8b 05 5d a5 83 00 48 33 c4
0x00007ffcf0f1caa6:   48 89 45 10 48 8b 05 df 15 86 00 45 33 ed 4c 8b
0x00007ffcf0f1cab6:   b5 80 00 00 00 4c 8b fa 48 8b bd 88 00 00 00 4d
0x00007ffcf0f1cac6:   8b c6 49 8b d6 49 8b f1 48 8b 48 38 48 8b 59 48
0x00007ffcf0f1cad6:   49 8b cf c7 45 c0 ff ff ff ff 44 89 6d d4 4c 89 


Stack slot to memory mapping:
stack at sp + 0 slots: 0x00007ffcf108f61c jvm.dll
stack at sp + 1 slots: 0x0000000000000002 is an unknown value
stack at sp + 2 slots: 0x0000000000000015 is an unknown value
stack at sp + 3 slots: 0x000001e5382417d0 points into unknown readable memory: 0x00007ffcf15b30f8 | f8 30 5b f1 fc 7f 00 00
stack at sp + 4 slots: 0x00007ffcf10603fe jvm.dll
stack at sp + 5 slots: 0x000001e51adab470 points into unknown readable memory: 0x0000000000004a18 | 18 4a 00 00 00 00 00 00
stack at sp + 6 slots: 0x0000000088dd07f0 is an oop: com.android.tools.r8.internal.ua 
{0x0000000088dd07f0} - klass: 'com/android/tools/r8/internal/ua'
stack at sp + 7 slots: 0x0000000338241940 is an unknown value


---------------  P R O C E S S  ---------------

Threads class SMR info:
_java_thread_list=0x000001e540067790, length=80, elements={
0x000001e51ad8e800, 0x000001e53521e000, 0x000001e53521f800, 0x000001e535be6800,
0x000001e535be7800, 0x000001e535be8800, 0x000001e535bec000, 0x000001e535bef800,
0x000001e535bf0800, 0x000001e535d46000, 0x000001e535d47000, 0x000001e535d48800,
0x000001e535d49800, 0x000001e5380ce000, 0x000001e5380cf000, 0x000001e5380cf800,
0x000001e5380cb800, 0x000001e5380d5800, 0x000001e5380d0800, 0x000001e5380d8000,
0x000001e5380d8800, 0x000001e5380d9800, 0x000001e5383d9000, 0x000001e5383e0800,
0x000001e5383e1800, 0x000001e5383dc800, 0x000001e5383e3000, 0x000001e5383e2000,
0x000001e5380cc800, 0x000001e5383db000, 0x000001e541b2a000, 0x000001e541b2d000,
0x000001e541b2b800, 0x000001e53d513800, 0x000001e53d512000, 0x000001e53d50f800,
0x000001e53d50e000, 0x000001e53d513000, 0x000001e53d514800, 0x000001e53d515800,
0x000001e53d516000, 0x000001e53d511800, 0x000001e53d510800, 0x000001e53d51c000,
0x000001e53d51b000, 0x000001e53d518000, 0x000001e53d51c800, 0x000001e53d517000,
0x000001e53d519800, 0x000001e53d51a800, 0x000001e53d518800, 0x000001e541b2a800,
0x000001e541b2c800, 0x000001e541b34800, 0x000001e541b35800, 0x000001e541b33800,
0x000001e541b33000, 0x000001e541b30800, 0x000001e541b2e000, 0x000001e541b36000,
0x000001e541b31800, 0x000001e541b38000, 0x000001e541b32000, 0x000001e5383db800,
0x000001e5383d6800, 0x000001e5383d8800, 0x000001e5383df000, 0x000001e5383df800,
0x000001e5383da000, 0x000001e535d4a000, 0x000001e535d4b000, 0x000001e535d48000,
0x000001e535d4c000, 0x000001e5380cd000, 0x000001e5380d4800, 0x000001e5380d6000,
0x000001e5380d2000, 0x000001e5380d1800, 0x000001e541b2f000, 0x000001e541b2f800
}

Java Threads: ( => current thread )
  0x000001e51ad8e800 JavaThread "main" [_thread_blocked, id=9528, stack(0x000000c141f00000,0x000000c142000000)]
  0x000001e53521e000 JavaThread "Reference Handler" daemon [_thread_blocked, id=9912, stack(0x000000c142600000,0x000000c142700000)]
  0x000001e53521f800 JavaThread "Finalizer" daemon [_thread_blocked, id=12384, stack(0x000000c142700000,0x000000c142800000)]
  0x000001e535be6800 JavaThread "Signal Dispatcher" daemon [_thread_blocked, id=14012, stack(0x000000c142800000,0x000000c142900000)]
  0x000001e535be7800 JavaThread "Attach Listener" daemon [_thread_blocked, id=11676, stack(0x000000c142900000,0x000000c142a00000)]
  0x000001e535be8800 JavaThread "Service Thread" daemon [_thread_blocked, id=5852, stack(0x000000c142a00000,0x000000c142b00000)]
  0x000001e535bec000 JavaThread "C2 CompilerThread0" daemon [_thread_blocked, id=9596, stack(0x000000c142b00000,0x000000c142c00000)]
  0x000001e535bef800 JavaThread "C1 CompilerThread0" daemon [_thread_blocked, id=7232, stack(0x000000c142c00000,0x000000c142d00000)]
  0x000001e535bf0800 JavaThread "Sweeper thread" daemon [_thread_blocked, id=13404, stack(0x000000c142d00000,0x000000c142e00000)]
  0x000001e535d46000 JavaThread "Common-Cleaner" daemon [_thread_blocked, id=7176, stack(0x000000c142e00000,0x000000c142f00000)]
  0x000001e535d47000 JavaThread "Daemon health stats" [_thread_blocked, id=7988, stack(0x000000c143400000,0x000000c143500000)]
  0x000001e535d48800 JavaThread "Incoming local TCP Connector on port 61673" [_thread_in_native, id=12804, stack(0x000000c143000000,0x000000c143100000)]
  0x000001e535d49800 JavaThread "Daemon periodic checks" [_thread_blocked, id=12772, stack(0x000000c143100000,0x000000c143200000)]
  0x000001e5380ce000 JavaThread "Cache worker for file hash cache (C:\Users\wande\.gradle\caches\7.0.2\fileHashes)" [_thread_blocked, id=10564, stack(0x000000c144200000,0x000000c144300000)]
  0x000001e5380cf000 JavaThread "File lock request listener" [_thread_in_native, id=13812, stack(0x000000c144300000,0x000000c144400000)]
  0x000001e5380cf800 JavaThread "Cache worker for journal cache (C:\Users\wande\.gradle\caches\journal-1)" [_thread_blocked, id=14156, stack(0x000000c144500000,0x000000c144600000)]
  0x000001e5380cb800 JavaThread "File watcher server" daemon [_thread_blocked, id=7072, stack(0x000000c144700000,0x000000c144800000)]
  0x000001e5380d5800 JavaThread "File watcher consumer" daemon [_thread_blocked, id=9236, stack(0x000000c144800000,0x000000c144900000)]
  0x000001e5380d0800 JavaThread "Cache worker for execution history cache (C:\Users\wande\.gradle\caches\7.0.2\executionHistory)" [_thread_blocked, id=6752, stack(0x000000c144c00000,0x000000c144d00000)]
  0x000001e5380d8000 JavaThread "jar transforms" [_thread_blocked, id=2540, stack(0x000000c144d00000,0x000000c144e00000)]
  0x000001e5380d8800 JavaThread "jar transforms Thread 2" [_thread_blocked, id=4744, stack(0x000000c144e00000,0x000000c144f00000)]
  0x000001e5380d9800 JavaThread "Cache worker for file content cache (C:\Users\wande\.gradle\caches\7.0.2\fileContent)" [_thread_blocked, id=8776, stack(0x000000c144f00000,0x000000c145000000)]
  0x000001e5383d9000 JavaThread "jar transforms Thread 3" [_thread_blocked, id=12564, stack(0x000000c145000000,0x000000c145100000)]
  0x000001e5383e0800 JavaThread "jar transforms Thread 4" [_thread_blocked, id=14648, stack(0x000000c145c00000,0x000000c145d00000)]
  0x000001e5383e1800 JavaThread "jar transforms Thread 5" [_thread_blocked, id=14652, stack(0x000000c145d00000,0x000000c145e00000)]
  0x000001e5383dc800 JavaThread "jar transforms Thread 6" [_thread_blocked, id=14656, stack(0x000000c145e00000,0x000000c145f00000)]
  0x000001e5383e3000 JavaThread "jar transforms Thread 7" [_thread_blocked, id=14660, stack(0x000000c145f00000,0x000000c146000000)]
  0x000001e5383e2000 JavaThread "jar transforms Thread 8" [_thread_blocked, id=14664, stack(0x000000c146000000,0x000000c146100000)]
  0x000001e5380cc800 JavaThread "Memory manager" [_thread_blocked, id=9628, stack(0x000000c141c00000,0x000000c141d00000)]
  0x000001e5383db000 JavaThread "RMI Scheduler(0)" daemon [_thread_blocked, id=9452, stack(0x000000c146d00000,0x000000c146e00000)]
  0x000001e541b2a000 JavaThread "RMI TCP Accept-0" daemon [_thread_in_native, id=12632, stack(0x000000c147100000,0x000000c147200000)]
  0x000001e541b2d000 JavaThread "Cache worker for Java compile cache (C:\Users\wande\.gradle\caches\7.0.2\javaCompile)" [_thread_blocked, id=6384, stack(0x000000c147300000,0x000000c147400000)]
  0x000001e541b2b800 JavaThread "ForkJoinPool.commonPool-worker-11" daemon [_thread_blocked, id=14020, stack(0x000000c147c00000,0x000000c147d00000)]
  0x000001e53d513800 JavaThread "Daemon Thread 9" [_thread_blocked, id=14600, stack(0x000000c141d00000,0x000000c141e00000)]
  0x000001e53d512000 JavaThread "Handler for socket connection from /127.0.0.1:61673 to /127.0.0.1:63226" [_thread_in_native, id=14860, stack(0x000000c141e00000,0x000000c141f00000)]
  0x000001e53d50f800 JavaThread "Cancel handler" [_thread_blocked, id=14292, stack(0x000000c143500000,0x000000c143600000)]
  0x000001e53d50e000 JavaThread "Daemon worker Thread 8" [_thread_blocked, id=16224, stack(0x000000c143600000,0x000000c143700000)]
  0x000001e53d513000 JavaThread "Asynchronous log dispatcher for DefaultDaemonConnection: socket connection from /127.0.0.1:61673 to /127.0.0.1:63226" [_thread_blocked, id=13612, stack(0x000000c143700000,0x000000c143800000)]
  0x000001e53d514800 JavaThread "Stdin handler" [_thread_blocked, id=13772, stack(0x000000c143800000,0x000000c143900000)]
  0x000001e53d515800 JavaThread "Daemon client event forwarder" [_thread_blocked, id=11368, stack(0x000000c143900000,0x000000c143a00000)]
  0x000001e53d516000 JavaThread "Cache worker for file hash cache (C:\Users\wande\AndroidStudioProjects\DMApp\.gradle\7.0.2\fileHashes)" [_thread_blocked, id=11256, stack(0x000000c143a00000,0x000000c143b00000)]
  0x000001e53d511800 JavaThread "Cache worker for checksums cache (C:\Users\wande\AndroidStudioProjects\DMApp\.gradle\checksums)" [_thread_blocked, id=11064, stack(0x000000c143b00000,0x000000c143c00000)]
  0x000001e53d510800 JavaThread "Cache worker for cache directory md-supplier (C:\Users\wande\.gradle\caches\7.0.2\md-supplier)" [_thread_blocked, id=1404, stack(0x000000c144600000,0x000000c144700000)]
  0x000001e53d51c000 JavaThread "Cache worker for cache directory md-rule (C:\Users\wande\.gradle\caches\7.0.2\md-rule)" [_thread_blocked, id=16164, stack(0x000000c144900000,0x000000c144a00000)]
  0x000001e53d51b000 JavaThread "Cache worker for dependencies-accessors (C:\Users\wande\AndroidStudioProjects\DMApp\.gradle\7.0.2\dependencies-accessors)" [_thread_blocked, id=15344, stack(0x000000c144a00000,0x000000c144b00000)]
  0x000001e53d518000 JavaThread "Cache worker for Build Output Cleanup Cache (C:\Users\wande\AndroidStudioProjects\DMApp\.gradle\buildOutputCleanup)" [_thread_blocked, id=8912, stack(0x000000c144b00000,0x000000c144c00000)]
  0x000001e53d51c800 JavaThread "Build operations" [_thread_blocked, id=12428, stack(0x000000c145100000,0x000000c145200000)]
  0x000001e53d517000 JavaThread "Build operations Thread 2" [_thread_blocked, id=13472, stack(0x000000c145200000,0x000000c145300000)]
  0x000001e53d519800 JavaThread "Build operations Thread 3" [_thread_blocked, id=6240, stack(0x000000c145300000,0x000000c145400000)]
  0x000001e53d51a800 JavaThread "Build operations Thread 4" [_thread_blocked, id=12964, stack(0x000000c145400000,0x000000c145500000)]
  0x000001e53d518800 JavaThread "Build operations Thread 5" [_thread_blocked, id=14200, stack(0x000000c145500000,0x000000c145600000)]
  0x000001e541b2a800 JavaThread "Build operations Thread 6" [_thread_blocked, id=14532, stack(0x000000c145600000,0x000000c145700000)]
  0x000001e541b2c800 JavaThread "Build operations Thread 7" [_thread_blocked, id=1356, stack(0x000000c145700000,0x000000c145800000)]
  0x000001e541b34800 JavaThread "Build operations Thread 8" [_thread_blocked, id=14404, stack(0x000000c145800000,0x000000c145900000)]
  0x000001e541b35800 JavaThread "build event listener" [_thread_blocked, id=14184, stack(0x000000c145b00000,0x000000c145c00000)]
  0x000001e541b33800 JavaThread "Execution worker for ':'" [_thread_blocked, id=8612, stack(0x000000c146100000,0x000000c146200000)]
  0x000001e541b33000 JavaThread "Execution worker for ':' Thread 2" [_thread_blocked, id=12884, stack(0x000000c146200000,0x000000c146300000)]
  0x000001e541b30800 JavaThread "Execution worker for ':' Thread 3" [_thread_blocked, id=10676, stack(0x000000c146300000,0x000000c146400000)]
  0x000001e541b2e000 JavaThread "Execution worker for ':' Thread 4" [_thread_blocked, id=516, stack(0x000000c146400000,0x000000c146500000)]
  0x000001e541b36000 JavaThread "Execution worker for ':' Thread 5" [_thread_blocked, id=15332, stack(0x000000c146500000,0x000000c146600000)]
  0x000001e541b31800 JavaThread "Execution worker for ':' Thread 6" [_thread_blocked, id=12044, stack(0x000000c146600000,0x000000c146700000)]
  0x000001e541b38000 JavaThread "Execution worker for ':' Thread 7" [_thread_blocked, id=8144, stack(0x000000c146700000,0x000000c146800000)]
  0x000001e541b32000 JavaThread "Cache worker for execution history cache (C:\Users\wande\AndroidStudioProjects\DMApp\.gradle\7.0.2\executionHistory)" [_thread_blocked, id=15252, stack(0x000000c146800000,0x000000c146900000)]
  0x000001e5383db800 JavaThread "WorkerExecutor Queue Thread 2" [_thread_blocked, id=13528, stack(0x000000c145a00000,0x000000c145b00000)]
  0x000001e5383d6800 JavaThread "WorkerExecutor Queue Thread 3" [_thread_blocked, id=6436, stack(0x000000c146b00000,0x000000c146c00000)]
  0x000001e5383d8800 JavaThread "WorkerExecutor Queue Thread 4" [_thread_blocked, id=8424, stack(0x000000c146e00000,0x000000c146f00000)]
  0x000001e5383df000 JavaThread "pool-24-thread-1" [_thread_blocked, id=11100, stack(0x000000c146f00000,0x000000c147000000)]
  0x000001e5383df800 JavaThread "stderr" [_thread_in_native, id=10984, stack(0x000000c147000000,0x000000c147100000)]
  0x000001e5383da000 JavaThread "stdout" [_thread_in_native, id=8188, stack(0x000000c147200000,0x000000c147300000)]
  0x000001e535d4a000 JavaThread "WorkerExecutor Queue Thread 5" [_thread_blocked, id=11044, stack(0x000000c147400000,0x000000c147500000)]
  0x000001e535d4b000 JavaThread "C2 CompilerThread1" daemon [_thread_in_native, id=6140, stack(0x000000c145900000,0x000000c145a00000)]
  0x000001e535d48000 JavaThread "ForkJoinPool-4-worker-3" daemon [_thread_blocked, id=14772, stack(0x000000c146c00000,0x000000c146d00000)]
  0x000001e535d4c000 JavaThread "ForkJoinPool-4-worker-5" daemon [_thread_blocked, id=7936, stack(0x000000c147500000,0x000000c147600000)]
  0x000001e5380cd000 JavaThread "ForkJoinPool-4-worker-7" daemon [_thread_blocked, id=2336, stack(0x000000c147600000,0x000000c147700000)]
  0x000001e5380d4800 JavaThread "ForkJoinPool-4-worker-9" daemon [_thread_blocked, id=15884, stack(0x000000c147700000,0x000000c147800000)]
  0x000001e5380d6000 JavaThread "ForkJoinPool-4-worker-11" daemon [_thread_blocked, id=12488, stack(0x000000c147800000,0x000000c147900000)]
  0x000001e5380d2000 JavaThread "ForkJoinPool-4-worker-13" daemon [_thread_blocked, id=6888, stack(0x000000c147900000,0x000000c147a00000)]
  0x000001e5380d1800 JavaThread "ForkJoinPool-4-worker-15" daemon [_thread_blocked, id=6272, stack(0x000000c147a00000,0x000000c147b00000)]
  0x000001e541b2f000 JavaThread "ForkJoinPool-4-worker-1" daemon [_thread_blocked, id=10104, stack(0x000000c147b00000,0x000000c147c00000)]
  0x000001e541b2f800 JavaThread "C2 CompilerThread2" daemon [_thread_blocked, id=16012, stack(0x000000c147d00000,0x000000c147e00000)]

Other Threads:
  0x000001e53521a800 VMThread "VM Thread" [stack: 0x000000c142500000,0x000000c142600000] [id=3428]
  0x000001e535d60000 WatcherThread [stack: 0x000000c142f00000,0x000000c143000000] [id=7360]
  0x000001e51ada6800 GCTaskThread "GC Thread#0" [stack: 0x000000c142000000,0x000000c142100000] [id=3596]
  0x000001e536d45000 GCTaskThread "GC Thread#1" [stack: 0x000000c143200000,0x000000c143300000] [id=12604]
  0x000001e536bb5000 GCTaskThread "GC Thread#2" [stack: 0x000000c143300000,0x000000c143400000] [id=4780]
  0x000001e537de9800 GCTaskThread "GC Thread#3" [stack: 0x000000c143c00000,0x000000c143d00000] [id=12732]
  0x000001e53893e800 GCTaskThread "GC Thread#4" [stack: 0x000000c143d00000,0x000000c143e00000] [id=6816]
=>0x000001e538552000 GCTaskThread "GC Thread#5" [stack: 0x000000c143e00000,0x000000c143f00000] [id=14112]
  0x000001e538163800 GCTaskThread "GC Thread#6" [stack: 0x000000c143f00000,0x000000c144000000] [id=6192]
  0x000001e537e7c800 GCTaskThread "GC Thread#7" [stack: 0x000000c144000000,0x000000c144100000] [id=4260]
  0x000001e51addb000 ConcurrentGCThread "G1 Main Marker" [stack: 0x000000c142100000,0x000000c142200000] [id=2156]
  0x000001e51addc000 ConcurrentGCThread "G1 Conc#0" [stack: 0x000000c142200000,0x000000c142300000] [id=7236]
  0x000001e5387a8800 ConcurrentGCThread "G1 Conc#1" [stack: 0x000000c144400000,0x000000c144500000] [id=13316]
  0x000001e535068000 ConcurrentGCThread "G1 Refine#0" [stack: 0x000000c142300000,0x000000c142400000] [id=11588]
  0x000001e535066000 ConcurrentGCThread "G1 Refine#1" [stack: 0x000000c144100000,0x000000c144200000] [id=11764]
  0x000001e51ae6e800 ConcurrentGCThread "G1 Young RemSet Sampling" [stack: 0x000000c142400000,0x000000c142500000] [id=12352]

Threads with active compile tasks:
C2 CompilerThread09463816 28711   !   4       com.android.tools.r8.ir.conversion.k::a (509 bytes)
C2 CompilerThread19463816 28492       4       com.android.tools.r8.dex.j::e (654 bytes)
C2 CompilerThread29463816 28529       4       com.android.tools.r8.dex.j::i (798 bytes)

VM state:at safepoint (normal execution)

VM Mutex/Monitor currently owned by a thread:  ([mutex/lock_event])
[0x000001e51ad8bc60] Threads_lock - owner thread: 0x000001e53521a800
[0x000001e51ad8be10] Heap_lock - owner thread: 0x000001e5383d8800

Heap address: 0x0000000080000000, size: 2048 MB, Compressed Oops mode: 32-bit
Narrow klass base: 0x0000000000000000, Narrow klass shift: 3
Compressed class space size: 1073741824 Address: 0x0000000100000000

Heap:
 garbage-first heap   total 299008K, used 232388K [0x0000000080000000, 0x0000000100000000)
  region size 1024K, 27 young (27648K), 4 survivors (4096K)
 Metaspace       used 150143K, capacity 154192K, committed 158208K, reserved 1185792K
  class space    used 18658K, capacity 20121K, committed 21248K, reserved 1048576K
Heap Regions: E=young(eden), S=young(survivor), O=old, HS=humongous(starts), HC=humongous(continues), CS=collection set, F=free, A=archive, TAMS=top-at-mark-start (previous, next)
|   0|0x0000000080000000, 0x0000000080100000, 0x0000000080100000|100%| O|  |TAMS 0x0000000080100000, 0x0000000080100000| Untracked 
|   1|0x0000000080100000, 0x0000000080200000, 0x0000000080200000|100%| O|  |TAMS 0x0000000080200000, 0x0000000080200000| Untracked 
|   2|0x0000000080200000, 0x0000000080300000, 0x0000000080300000|100%| O|  |TAMS 0x0000000080300000, 0x0000000080300000| Untracked 
|   3|0x0000000080300000, 0x0000000080400000, 0x0000000080400000|100%|HS|  |TAMS 0x0000000080400000, 0x0000000080400000| Complete 
|   4|0x0000000080400000, 0x0000000080500000, 0x0000000080500000|100%|HC|  |TAMS 0x0000000080500000, 0x0000000080500000| Complete 
|   5|0x0000000080500000, 0x0000000080600000, 0x0000000080600000|100%|HC|  |TAMS 0x0000000080600000, 0x0000000080600000| Complete 
|   6|0x0000000080600000, 0x0000000080700000, 0x0000000080700000|100%| O|  |TAMS 0x0000000080700000, 0x0000000080700000| Untracked 
|   7|0x0000000080700000, 0x0000000080800000, 0x0000000080800000|100%| O|  |TAMS 0x0000000080800000, 0x0000000080800000| Untracked 
|   8|0x0000000080800000, 0x0000000080900000, 0x0000000080900000|100%| O|  |TAMS 0x0000000080900000, 0x0000000080900000| Untracked 
|   9|0x0000000080900000, 0x0000000080a00000, 0x0000000080a00000|100%| O|  |TAMS 0x0000000080a00000, 0x0000000080a00000| Untracked 
|  10|0x0000000080a00000, 0x0000000080b00000, 0x0000000080b00000|100%| O|  |TAMS 0x0000000080b00000, 0x0000000080b00000| Untracked 
|  11|0x0000000080b00000, 0x0000000080c00000, 0x0000000080c00000|100%| O|  |TAMS 0x0000000080c00000, 0x0000000080c00000| Untracked 
|  12|0x0000000080c00000, 0x0000000080d00000, 0x0000000080d00000|100%| O|  |TAMS 0x0000000080d00000, 0x0000000080d00000| Untracked 
|  13|0x0000000080d00000, 0x0000000080e00000, 0x0000000080e00000|100%| O|  |TAMS 0x0000000080e00000, 0x0000000080e00000| Untracked 
|  14|0x0000000080e00000, 0x0000000080f00000, 0x0000000080f00000|100%| O|  |TAMS 0x0000000080f00000, 0x0000000080f00000| Untracked 
|  15|0x0000000080f00000, 0x0000000081000000, 0x0000000081000000|100%| O|  |TAMS 0x0000000081000000, 0x0000000081000000| Untracked 
|  16|0x0000000081000000, 0x0000000081100000, 0x0000000081100000|100%| O|  |TAMS 0x0000000081100000, 0x0000000081100000| Untracked 
|  17|0x0000000081100000, 0x0000000081200000, 0x0000000081200000|100%| O|  |TAMS 0x0000000081200000, 0x0000000081200000| Untracked 
|  18|0x0000000081200000, 0x0000000081300000, 0x0000000081300000|100%| O|  |TAMS 0x0000000081300000, 0x0000000081300000| Untracked 
|  19|0x0000000081300000, 0x0000000081400000, 0x0000000081400000|100%|HS|  |TAMS 0x0000000081400000, 0x0000000081400000| Complete 
|  20|0x0000000081400000, 0x0000000081500000, 0x0000000081500000|100%| O|  |TAMS 0x0000000081500000, 0x0000000081500000| Untracked 
|  21|0x0000000081500000, 0x0000000081600000, 0x0000000081600000|100%| O|  |TAMS 0x0000000081600000, 0x0000000081600000| Untracked 
|  22|0x0000000081600000, 0x0000000081700000, 0x0000000081700000|100%| O|  |TAMS 0x0000000081700000, 0x0000000081700000| Untracked 
|  23|0x0000000081700000, 0x0000000081800000, 0x0000000081800000|100%| O|  |TAMS 0x0000000081800000, 0x0000000081800000| Untracked 
|  24|0x0000000081800000, 0x0000000081900000, 0x0000000081900000|100%| O|  |TAMS 0x0000000081900000, 0x0000000081900000| Untracked 
|  25|0x0000000081900000, 0x0000000081a00000, 0x0000000081a00000|100%| O|  |TAMS 0x0000000081a00000, 0x0000000081a00000| Untracked 
|  26|0x0000000081a00000, 0x0000000081b00000, 0x0000000081b00000|100%| O|  |TAMS 0x0000000081b00000, 0x0000000081b00000| Untracked 
|  27|0x0000000081b00000, 0x0000000081c00000, 0x0000000081c00000|100%|HS|  |TAMS 0x0000000081c00000, 0x0000000081c00000| Complete 
|  28|0x0000000081c00000, 0x0000000081d00000, 0x0000000081d00000|100%|HS|  |TAMS 0x0000000081d00000, 0x0000000081d00000| Complete 
|  29|0x0000000081d00000, 0x0000000081e00000, 0x0000000081e00000|100%|HS|  |TAMS 0x0000000081e00000, 0x0000000081e00000| Complete 
|  30|0x0000000081e00000, 0x0000000081f00000, 0x0000000081f00000|100%|HC|  |TAMS 0x0000000081f00000, 0x0000000081f00000| Complete 
|  31|0x0000000081f00000, 0x0000000082000000, 0x0000000082000000|100%|HC|  |TAMS 0x0000000082000000, 0x0000000082000000| Complete 
|  32|0x0000000082000000, 0x0000000082100000, 0x0000000082100000|100%|HS|  |TAMS 0x0000000082100000, 0x0000000082100000| Complete 
|  33|0x0000000082100000, 0x0000000082200000, 0x0000000082200000|100%|HC|  |TAMS 0x0000000082200000, 0x0000000082200000| Complete 
|  34|0x0000000082200000, 0x0000000082300000, 0x0000000082300000|100%| O|  |TAMS 0x0000000082300000, 0x0000000082300000| Untracked 
|  35|0x0000000082300000, 0x0000000082400000, 0x0000000082400000|100%| O|  |TAMS 0x0000000082400000, 0x0000000082400000| Untracked 
|  36|0x0000000082400000, 0x0000000082500000, 0x0000000082500000|100%| O|  |TAMS 0x0000000082500000, 0x0000000082500000| Untracked 
|  37|0x0000000082500000, 0x0000000082600000, 0x0000000082600000|100%| O|  |TAMS 0x0000000082600000, 0x0000000082600000| Untracked 
|  38|0x0000000082600000, 0x0000000082700000, 0x0000000082700000|100%| O|  |TAMS 0x0000000082700000, 0x0000000082700000| Untracked 
|  39|0x0000000082700000, 0x0000000082800000, 0x0000000082800000|100%| O|  |TAMS 0x0000000082800000, 0x0000000082800000| Untracked 
|  40|0x0000000082800000, 0x0000000082900000, 0x0000000082900000|100%| O|  |TAMS 0x0000000082900000, 0x0000000082900000| Untracked 
|  41|0x0000000082900000, 0x0000000082a00000, 0x0000000082a00000|100%| O|  |TAMS 0x0000000082a00000, 0x0000000082a00000| Untracked 
|  42|0x0000000082a00000, 0x0000000082b00000, 0x0000000082b00000|100%| O|  |TAMS 0x0000000082b00000, 0x0000000082b00000| Untracked 
|  43|0x0000000082b00000, 0x0000000082c00000, 0x0000000082c00000|100%| O|  |TAMS 0x0000000082c00000, 0x0000000082c00000| Untracked 
|  44|0x0000000082c00000, 0x0000000082d00000, 0x0000000082d00000|100%|HS|  |TAMS 0x0000000082d00000, 0x0000000082d00000| Complete 
|  45|0x0000000082d00000, 0x0000000082e00000, 0x0000000082e00000|100%| O|  |TAMS 0x0000000082e00000, 0x0000000082e00000| Untracked 
|  46|0x0000000082e00000, 0x0000000082f00000, 0x0000000082f00000|100%| O|  |TAMS 0x0000000082f00000, 0x0000000082f00000| Untracked 
|  47|0x0000000082f00000, 0x0000000083000000, 0x0000000083000000|100%| O|  |TAMS 0x0000000083000000, 0x0000000083000000| Untracked 
|  48|0x0000000083000000, 0x0000000083100000, 0x0000000083100000|100%| O|  |TAMS 0x0000000083100000, 0x0000000083100000| Untracked 
|  49|0x0000000083100000, 0x0000000083200000, 0x0000000083200000|100%| O|  |TAMS 0x0000000083200000, 0x0000000083200000| Untracked 
|  50|0x0000000083200000, 0x0000000083300000, 0x0000000083300000|100%| O|  |TAMS 0x0000000083300000, 0x0000000083300000| Untracked 
|  51|0x0000000083300000, 0x0000000083400000, 0x0000000083400000|100%| O|  |TAMS 0x0000000083400000, 0x0000000083400000| Untracked 
|  52|0x0000000083400000, 0x0000000083500000, 0x0000000083500000|100%| O|  |TAMS 0x0000000083500000, 0x0000000083500000| Untracked 
|  53|0x0000000083500000, 0x0000000083600000, 0x0000000083600000|100%| O|  |TAMS 0x0000000083600000, 0x0000000083600000| Untracked 
|  54|0x0000000083600000, 0x0000000083700000, 0x0000000083700000|100%| O|  |TAMS 0x0000000083700000, 0x0000000083700000| Untracked 
|  55|0x0000000083700000, 0x0000000083800000, 0x0000000083800000|100%| O|  |TAMS 0x0000000083800000, 0x0000000083800000| Untracked 
|  56|0x0000000083800000, 0x0000000083900000, 0x0000000083900000|100%| O|  |TAMS 0x0000000083900000, 0x0000000083900000| Untracked 
|  57|0x0000000083900000, 0x0000000083a00000, 0x0000000083a00000|100%| O|  |TAMS 0x0000000083a00000, 0x0000000083a00000| Untracked 
|  58|0x0000000083a00000, 0x0000000083b00000, 0x0000000083b00000|100%| O|  |TAMS 0x0000000083b00000, 0x0000000083b00000| Untracked 
|  59|0x0000000083b00000, 0x0000000083c00000, 0x0000000083c00000|100%| O|  |TAMS 0x0000000083c00000, 0x0000000083c00000| Untracked 
|  60|0x0000000083c00000, 0x0000000083d00000, 0x0000000083d00000|100%| O|  |TAMS 0x0000000083d00000, 0x0000000083d00000| Untracked 
|  61|0x0000000083d00000, 0x0000000083e00000, 0x0000000083e00000|100%| O|  |TAMS 0x0000000083e00000, 0x0000000083e00000| Untracked 
|  62|0x0000000083e00000, 0x0000000083f00000, 0x0000000083f00000|100%| O|  |TAMS 0x0000000083f00000, 0x0000000083f00000| Untracked 
|  63|0x0000000083f00000, 0x0000000084000000, 0x0000000084000000|100%| O|  |TAMS 0x0000000084000000, 0x0000000084000000| Untracked 
|  64|0x0000000084000000, 0x0000000084100000, 0x0000000084100000|100%| O|  |TAMS 0x0000000084100000, 0x0000000084100000| Untracked 
|  65|0x0000000084100000, 0x0000000084200000, 0x0000000084200000|100%| O|  |TAMS 0x0000000084200000, 0x0000000084200000| Untracked 
|  66|0x0000000084200000, 0x0000000084300000, 0x0000000084300000|100%| O|  |TAMS 0x0000000084300000, 0x0000000084300000| Untracked 
|  67|0x0000000084300000, 0x0000000084400000, 0x0000000084400000|100%| O|  |TAMS 0x0000000084400000, 0x0000000084400000| Untracked 
|  68|0x0000000084400000, 0x0000000084500000, 0x0000000084500000|100%| O|  |TAMS 0x0000000084500000, 0x0000000084500000| Untracked 
|  69|0x0000000084500000, 0x0000000084600000, 0x0000000084600000|100%| O|  |TAMS 0x0000000084600000, 0x0000000084600000| Untracked 
|  70|0x0000000084600000, 0x0000000084700000, 0x0000000084700000|100%| O|  |TAMS 0x0000000084700000, 0x0000000084700000| Untracked 
|  71|0x0000000084700000, 0x0000000084800000, 0x0000000084800000|100%| O|  |TAMS 0x0000000084800000, 0x0000000084800000| Untracked 
|  72|0x0000000084800000, 0x0000000084900000, 0x0000000084900000|100%| O|  |TAMS 0x0000000084900000, 0x0000000084900000| Untracked 
|  73|0x0000000084900000, 0x0000000084a00000, 0x0000000084a00000|100%| O|  |TAMS 0x0000000084a00000, 0x0000000084a00000| Untracked 
|  74|0x0000000084a00000, 0x0000000084b00000, 0x0000000084b00000|100%| O|  |TAMS 0x0000000084b00000, 0x0000000084b00000| Untracked 
|  75|0x0000000084b00000, 0x0000000084c00000, 0x0000000084c00000|100%|HS|  |TAMS 0x0000000084c00000, 0x0000000084c00000| Complete 
|  76|0x0000000084c00000, 0x0000000084d00000, 0x0000000084d00000|100%|HC|  |TAMS 0x0000000084d00000, 0x0000000084d00000| Complete 
|  77|0x0000000084d00000, 0x0000000084e00000, 0x0000000084e00000|100%| O|  |TAMS 0x0000000084e00000, 0x0000000084e00000| Untracked 
|  78|0x0000000084e00000, 0x0000000084f00000, 0x0000000084f00000|100%| O|  |TAMS 0x0000000084f00000, 0x0000000084f00000| Untracked 
|  79|0x0000000084f00000, 0x0000000085000000, 0x0000000085000000|100%| O|  |TAMS 0x0000000085000000, 0x0000000085000000| Untracked 
|  80|0x0000000085000000, 0x0000000085100000, 0x0000000085100000|100%|HS|  |TAMS 0x0000000085100000, 0x0000000085100000| Complete 
|  81|0x0000000085100000, 0x0000000085200000, 0x0000000085200000|100%| O|  |TAMS 0x0000000085200000, 0x0000000085200000| Untracked 
|  82|0x0000000085200000, 0x0000000085300000, 0x0000000085300000|100%| O|  |TAMS 0x0000000085300000, 0x0000000085300000| Untracked 
|  83|0x0000000085300000, 0x0000000085400000, 0x0000000085400000|100%| O|  |TAMS 0x0000000085400000, 0x0000000085400000| Untracked 
|  84|0x0000000085400000, 0x0000000085500000, 0x0000000085500000|100%| O|  |TAMS 0x0000000085500000, 0x0000000085500000| Untracked 
|  85|0x0000000085500000, 0x0000000085600000, 0x0000000085600000|100%| O|  |TAMS 0x0000000085600000, 0x0000000085600000| Untracked 
|  86|0x0000000085600000, 0x0000000085700000, 0x0000000085700000|100%| O|  |TAMS 0x0000000085700000, 0x0000000085700000| Untracked 
|  87|0x0000000085700000, 0x0000000085800000, 0x0000000085800000|100%| O|  |TAMS 0x0000000085800000, 0x0000000085800000| Untracked 
|  88|0x0000000085800000, 0x0000000085900000, 0x0000000085900000|100%| O|  |TAMS 0x0000000085900000, 0x0000000085900000| Untracked 
|  89|0x0000000085900000, 0x0000000085a00000, 0x0000000085a00000|100%| O|  |TAMS 0x0000000085a00000, 0x0000000085a00000| Untracked 
|  90|0x0000000085a00000, 0x0000000085b00000, 0x0000000085b00000|100%| O|  |TAMS 0x0000000085b00000, 0x0000000085b00000| Untracked 
|  91|0x0000000085b00000, 0x0000000085c00000, 0x0000000085c00000|100%| O|  |TAMS 0x0000000085c00000, 0x0000000085c00000| Untracked 
|  92|0x0000000085c00000, 0x0000000085d00000, 0x0000000085d00000|100%| O|  |TAMS 0x0000000085d00000, 0x0000000085d00000| Untracked 
|  93|0x0000000085d00000, 0x0000000085e00000, 0x0000000085e00000|100%|HS|  |TAMS 0x0000000085e00000, 0x0000000085e00000| Complete 
|  94|0x0000000085e00000, 0x0000000085f00000, 0x0000000085f00000|100%| O|  |TAMS 0x0000000085f00000, 0x0000000085f00000| Untracked 
|  95|0x0000000085f00000, 0x0000000086000000, 0x0000000086000000|100%| O|  |TAMS 0x0000000086000000, 0x0000000086000000| Untracked 
|  96|0x0000000086000000, 0x0000000086100000, 0x0000000086100000|100%| O|  |TAMS 0x0000000086100000, 0x0000000086100000| Untracked 
|  97|0x0000000086100000, 0x0000000086200000, 0x0000000086200000|100%| O|  |TAMS 0x0000000086200000, 0x0000000086200000| Untracked 
|  98|0x0000000086200000, 0x0000000086300000, 0x0000000086300000|100%|HS|  |TAMS 0x0000000086300000, 0x0000000086300000| Complete 
|  99|0x0000000086300000, 0x0000000086400000, 0x0000000086400000|100%| O|  |TAMS 0x0000000086400000, 0x0000000086400000| Untracked 
| 100|0x0000000086400000, 0x0000000086500000, 0x0000000086500000|100%| O|  |TAMS 0x0000000086500000, 0x0000000086500000| Untracked 
| 101|0x0000000086500000, 0x0000000086600000, 0x0000000086600000|100%| O|  |TAMS 0x0000000086600000, 0x0000000086600000| Untracked 
| 102|0x0000000086600000, 0x0000000086700000, 0x0000000086700000|100%|HS|  |TAMS 0x0000000086700000, 0x0000000086700000| Complete 
| 103|0x0000000086700000, 0x0000000086800000, 0x0000000086800000|100%|HC|  |TAMS 0x0000000086800000, 0x0000000086800000| Complete 
| 104|0x0000000086800000, 0x0000000086900000, 0x0000000086900000|100%|HC|  |TAMS 0x0000000086900000, 0x0000000086900000| Complete 
| 105|0x0000000086900000, 0x0000000086a00000, 0x0000000086a00000|100%|HC|  |TAMS 0x0000000086a00000, 0x0000000086a00000| Complete 
| 106|0x0000000086a00000, 0x0000000086b00000, 0x0000000086b00000|100%|HC|  |TAMS 0x0000000086b00000, 0x0000000086b00000| Complete 
| 107|0x0000000086b00000, 0x0000000086c00000, 0x0000000086c00000|100%|HS|  |TAMS 0x0000000086c00000, 0x0000000086c00000| Complete 
| 108|0x0000000086c00000, 0x0000000086d00000, 0x0000000086d00000|100%|HC|  |TAMS 0x0000000086d00000, 0x0000000086d00000| Complete 
| 109|0x0000000086d00000, 0x0000000086e00000, 0x0000000086e00000|100%|HC|  |TAMS 0x0000000086e00000, 0x0000000086e00000| Complete 
| 110|0x0000000086e00000, 0x0000000086f00000, 0x0000000086f00000|100%| O|  |TAMS 0x0000000086f00000, 0x0000000086f00000| Untracked 
| 111|0x0000000086f00000, 0x0000000087000000, 0x0000000087000000|100%| O|  |TAMS 0x0000000087000000, 0x0000000087000000| Untracked 
| 112|0x0000000087000000, 0x0000000087100000, 0x0000000087100000|100%| O|  |TAMS 0x0000000087100000, 0x0000000087100000| Untracked 
| 113|0x0000000087100000, 0x0000000087200000, 0x0000000087200000|100%| O|  |TAMS 0x0000000087200000, 0x0000000087200000| Untracked 
| 114|0x0000000087200000, 0x0000000087300000, 0x0000000087300000|100%| O|  |TAMS 0x0000000087300000, 0x0000000087300000| Untracked 
| 115|0x0000000087300000, 0x0000000087400000, 0x0000000087400000|100%|HS|  |TAMS 0x0000000087400000, 0x0000000087400000| Complete 
| 116|0x0000000087400000, 0x0000000087500000, 0x0000000087500000|100%|HC|  |TAMS 0x0000000087500000, 0x0000000087500000| Complete 
| 117|0x0000000087500000, 0x0000000087600000, 0x0000000087600000|100%| O|  |TAMS 0x0000000087600000, 0x0000000087600000| Untracked 
| 118|0x0000000087600000, 0x0000000087700000, 0x0000000087700000|100%| O|  |TAMS 0x0000000087700000, 0x0000000087700000| Untracked 
| 119|0x0000000087700000, 0x0000000087800000, 0x0000000087800000|100%|HS|  |TAMS 0x0000000087800000, 0x0000000087800000| Complete 
| 120|0x0000000087800000, 0x0000000087900000, 0x0000000087900000|100%|HC|  |TAMS 0x0000000087900000, 0x0000000087900000| Complete 
| 121|0x0000000087900000, 0x0000000087a00000, 0x0000000087a00000|100%|HC|  |TAMS 0x0000000087a00000, 0x0000000087a00000| Complete 
| 122|0x0000000087a00000, 0x0000000087b00000, 0x0000000087b00000|100%|HS|  |TAMS 0x0000000087b00000, 0x0000000087b00000| Complete 
| 123|0x0000000087b00000, 0x0000000087c00000, 0x0000000087c00000|100%| O|  |TAMS 0x0000000087c00000, 0x0000000087c00000| Untracked 
| 124|0x0000000087c00000, 0x0000000087d00000, 0x0000000087d00000|100%| O|  |TAMS 0x0000000087d00000, 0x0000000087d00000| Untracked 
| 125|0x0000000087d00000, 0x0000000087e00000, 0x0000000087e00000|100%| O|  |TAMS 0x0000000087d72a00, 0x0000000087e00000| Untracked 
| 126|0x0000000087e00000, 0x0000000087f00000, 0x0000000087f00000|100%|HS|  |TAMS 0x0000000087e00000, 0x0000000087f00000| Complete 
| 127|0x0000000087f00000, 0x0000000088000000, 0x0000000088000000|100%| O|  |TAMS 0x0000000088000000, 0x0000000088000000| Untracked 
| 128|0x0000000088000000, 0x0000000088100000, 0x0000000088100000|100%| O|  |TAMS 0x0000000088100000, 0x0000000088100000| Untracked 
| 129|0x0000000088100000, 0x0000000088200000, 0x0000000088200000|100%|HS|  |TAMS 0x0000000088200000, 0x0000000088200000| Complete 
| 130|0x0000000088200000, 0x0000000088300000, 0x0000000088300000|100%|HC|  |TAMS 0x0000000088300000, 0x0000000088300000| Complete 
| 131|0x0000000088300000, 0x0000000088400000, 0x0000000088400000|100%|HC|  |TAMS 0x0000000088400000, 0x0000000088400000| Complete 
| 132|0x0000000088400000, 0x0000000088500000, 0x0000000088500000|100%|HS|  |TAMS 0x0000000088500000, 0x0000000088500000| Complete 
| 133|0x0000000088500000, 0x0000000088600000, 0x0000000088600000|100%|HS|  |TAMS 0x0000000088600000, 0x0000000088600000| Complete 
| 134|0x0000000088600000, 0x0000000088700000, 0x0000000088700000|100%|HC|  |TAMS 0x0000000088700000, 0x0000000088700000| Complete 
| 135|0x0000000088700000, 0x0000000088800000, 0x0000000088800000|100%| O|  |TAMS 0x0000000088800000, 0x0000000088800000| Untracked 
| 136|0x0000000088800000, 0x0000000088900000, 0x0000000088900000|100%| O|  |TAMS 0x0000000088900000, 0x0000000088900000| Untracked 
| 137|0x0000000088900000, 0x0000000088a00000, 0x0000000088a00000|100%| O|  |TAMS 0x0000000088a00000, 0x0000000088a00000| Untracked 
| 138|0x0000000088a00000, 0x0000000088b00000, 0x0000000088b00000|100%| O|  |TAMS 0x0000000088b00000, 0x0000000088b00000| Untracked 
| 139|0x0000000088b00000, 0x0000000088c00000, 0x0000000088c00000|100%| O|  |TAMS 0x0000000088c00000, 0x0000000088c00000| Untracked 
| 140|0x0000000088c00000, 0x0000000088d00000, 0x0000000088d00000|100%| O|  |TAMS 0x0000000088d00000, 0x0000000088d00000| Untracked 
| 141|0x0000000088d00000, 0x0000000088e00000, 0x0000000088e00000|100%| O|  |TAMS 0x0000000088e00000, 0x0000000088e00000| Untracked 
| 142|0x0000000088e00000, 0x0000000088f00000, 0x0000000088f00000|100%| O|  |TAMS 0x0000000088f00000, 0x0000000088f00000| Untracked 
| 143|0x0000000088f00000, 0x0000000089000000, 0x0000000089000000|100%| O|  |TAMS 0x0000000089000000, 0x0000000089000000| Untracked 
| 144|0x0000000089000000, 0x0000000089100000, 0x0000000089100000|100%| O|  |TAMS 0x0000000089100000, 0x0000000089100000| Untracked 
| 145|0x0000000089100000, 0x0000000089200000, 0x0000000089200000|100%|HS|  |TAMS 0x0000000089100000, 0x0000000089200000| Complete 
| 146|0x0000000089200000, 0x0000000089300000, 0x0000000089300000|100%| O|  |TAMS 0x0000000089200000, 0x0000000089300000| Untracked 
| 147|0x0000000089300000, 0x0000000089400000, 0x0000000089400000|100%| O|  |TAMS 0x0000000089300000, 0x0000000089400000| Untracked 
| 148|0x0000000089400000, 0x0000000089500000, 0x0000000089500000|100%| O|  |TAMS 0x0000000089400000, 0x0000000089500000| Untracked 
| 149|0x0000000089500000, 0x0000000089600000, 0x0000000089600000|100%| O|  |TAMS 0x0000000089500000, 0x0000000089600000| Untracked 
| 150|0x0000000089600000, 0x0000000089700000, 0x0000000089700000|100%| O|  |TAMS 0x0000000089600000, 0x0000000089700000| Untracked 
| 151|0x0000000089700000, 0x0000000089800000, 0x0000000089800000|100%| O|  |TAMS 0x0000000089700000, 0x0000000089800000| Untracked 
| 152|0x0000000089800000, 0x0000000089900000, 0x0000000089900000|100%| O|  |TAMS 0x0000000089800000, 0x0000000089900000| Untracked 
| 153|0x0000000089900000, 0x0000000089a00000, 0x0000000089a00000|100%| O|  |TAMS 0x0000000089900000, 0x0000000089a00000| Untracked 
| 154|0x0000000089a00000, 0x0000000089b00000, 0x0000000089b00000|100%| O|  |TAMS 0x0000000089a00000, 0x0000000089b00000| Untracked 
| 155|0x0000000089b00000, 0x0000000089c00000, 0x0000000089c00000|100%| O|  |TAMS 0x0000000089b00000, 0x0000000089c00000| Untracked 
| 156|0x0000000089c00000, 0x0000000089d00000, 0x0000000089d00000|100%| O|  |TAMS 0x0000000089c00000, 0x0000000089d00000| Untracked 
| 157|0x0000000089d00000, 0x0000000089e00000, 0x0000000089e00000|100%| O|  |TAMS 0x0000000089d00000, 0x0000000089e00000| Untracked 
| 158|0x0000000089e00000, 0x0000000089f00000, 0x0000000089f00000|100%| O|  |TAMS 0x0000000089e00000, 0x0000000089f00000| Untracked 
| 159|0x0000000089f00000, 0x000000008a000000, 0x000000008a000000|100%| O|  |TAMS 0x0000000089f00000, 0x000000008a000000| Untracked 
| 160|0x000000008a000000, 0x000000008a100000, 0x000000008a100000|100%| O|  |TAMS 0x000000008a000000, 0x000000008a100000| Untracked 
| 161|0x000000008a100000, 0x000000008a200000, 0x000000008a200000|100%| O|  |TAMS 0x000000008a100000, 0x000000008a200000| Untracked 
| 162|0x000000008a200000, 0x000000008a300000, 0x000000008a300000|100%| O|  |TAMS 0x000000008a200000, 0x000000008a300000| Untracked 
| 163|0x000000008a300000, 0x000000008a400000, 0x000000008a400000|100%| O|  |TAMS 0x000000008a300000, 0x000000008a400000| Untracked 
| 164|0x000000008a400000, 0x000000008a500000, 0x000000008a500000|100%| O|  |TAMS 0x000000008a400000, 0x000000008a500000| Untracked 
| 165|0x000000008a500000, 0x000000008a600000, 0x000000008a600000|100%| O|  |TAMS 0x000000008a500000, 0x000000008a600000| Untracked 
| 166|0x000000008a600000, 0x000000008a700000, 0x000000008a700000|100%| O|  |TAMS 0x000000008a600000, 0x000000008a700000| Untracked 
| 167|0x000000008a700000, 0x000000008a800000, 0x000000008a800000|100%| O|  |TAMS 0x000000008a700000, 0x000000008a800000| Untracked 
| 168|0x000000008a800000, 0x000000008a900000, 0x000000008a900000|100%| O|  |TAMS 0x000000008a800000, 0x000000008a900000| Untracked 
| 169|0x000000008a900000, 0x000000008aa00000, 0x000000008aa00000|100%| O|  |TAMS 0x000000008a900000, 0x000000008aa00000| Untracked 
| 170|0x000000008aa00000, 0x000000008ab00000, 0x000000008ab00000|100%| O|  |TAMS 0x000000008aa00000, 0x000000008ab00000| Untracked 
| 171|0x000000008ab00000, 0x000000008ac00000, 0x000000008ac00000|100%| O|  |TAMS 0x000000008ab00000, 0x000000008ac00000| Untracked 
| 172|0x000000008ac00000, 0x000000008ad00000, 0x000000008ad00000|100%|HS|  |TAMS 0x000000008ad00000, 0x000000008ad00000| Complete 
| 173|0x000000008ad00000, 0x000000008ae00000, 0x000000008ae00000|100%|HC|  |TAMS 0x000000008ae00000, 0x000000008ae00000| Complete 
| 174|0x000000008ae00000, 0x000000008af00000, 0x000000008af00000|100%|HC|  |TAMS 0x000000008af00000, 0x000000008af00000| Complete 
| 175|0x000000008af00000, 0x000000008b000000, 0x000000008b000000|100%|HS|  |TAMS 0x000000008b000000, 0x000000008b000000| Complete 
| 176|0x000000008b000000, 0x000000008b100000, 0x000000008b100000|100%|HC|  |TAMS 0x000000008b100000, 0x000000008b100000| Complete 
| 177|0x000000008b100000, 0x000000008b200000, 0x000000008b200000|100%|HC|  |TAMS 0x000000008b200000, 0x000000008b200000| Complete 
| 178|0x000000008b200000, 0x000000008b300000, 0x000000008b300000|100%|HC|  |TAMS 0x000000008b300000, 0x000000008b300000| Complete 
| 179|0x000000008b300000, 0x000000008b400000, 0x000000008b400000|100%|HC|  |TAMS 0x000000008b400000, 0x000000008b400000| Complete 
| 180|0x000000008b400000, 0x000000008b500000, 0x000000008b500000|100%| O|  |TAMS 0x000000008b400000, 0x000000008b500000| Untracked 
| 181|0x000000008b500000, 0x000000008b600000, 0x000000008b600000|100%| O|  |TAMS 0x000000008b500000, 0x000000008b600000| Untracked 
| 182|0x000000008b600000, 0x000000008b700000, 0x000000008b700000|100%| O|  |TAMS 0x000000008b600000, 0x000000008b700000| Untracked 
| 183|0x000000008b700000, 0x000000008b800000, 0x000000008b800000|100%| O|  |TAMS 0x000000008b700000, 0x000000008b800000| Untracked 
| 184|0x000000008b800000, 0x000000008b900000, 0x000000008b900000|100%| O|  |TAMS 0x000000008b800000, 0x000000008b900000| Untracked 
| 185|0x000000008b900000, 0x000000008ba00000, 0x000000008ba00000|100%| O|  |TAMS 0x000000008b900000, 0x000000008ba00000| Untracked 
| 186|0x000000008ba00000, 0x000000008bb00000, 0x000000008bb00000|100%| O|  |TAMS 0x000000008ba00000, 0x000000008bb00000| Untracked 
| 187|0x000000008bb00000, 0x000000008bc00000, 0x000000008bc00000|100%| O|  |TAMS 0x000000008bb00000, 0x000000008bc00000| Untracked 
| 188|0x000000008bc00000, 0x000000008bd00000, 0x000000008bd00000|100%| O|  |TAMS 0x000000008bc00000, 0x000000008bd00000| Untracked 
| 189|0x000000008bd00000, 0x000000008be00000, 0x000000008be00000|100%| O|  |TAMS 0x000000008bd00000, 0x000000008be00000| Untracked 
| 190|0x000000008be00000, 0x000000008bf00000, 0x000000008bf00000|100%| O|  |TAMS 0x000000008be00000, 0x000000008bf00000| Untracked 
| 191|0x000000008bf00000, 0x000000008c000000, 0x000000008c000000|100%| O|  |TAMS 0x000000008bf00000, 0x000000008c000000| Untracked 
| 192|0x000000008c000000, 0x000000008c100000, 0x000000008c100000|100%| O|  |TAMS 0x000000008c000000, 0x000000008c100000| Untracked 
| 193|0x000000008c100000, 0x000000008c200000, 0x000000008c200000|100%| O|  |TAMS 0x000000008c100000, 0x000000008c200000| Untracked 
| 194|0x000000008c200000, 0x000000008c300000, 0x000000008c300000|100%| O|  |TAMS 0x000000008c200000, 0x000000008c300000| Untracked 
| 195|0x000000008c300000, 0x000000008c400000, 0x000000008c400000|100%| O|  |TAMS 0x000000008c300000, 0x000000008c400000| Untracked 
| 196|0x000000008c400000, 0x000000008c500000, 0x000000008c500000|100%| O|  |TAMS 0x000000008c400000, 0x000000008c500000| Untracked 
| 197|0x000000008c500000, 0x000000008c600000, 0x000000008c600000|100%| O|  |TAMS 0x000000008c500000, 0x000000008c600000| Untracked 
| 198|0x000000008c600000, 0x000000008c700000, 0x000000008c700000|100%| O|  |TAMS 0x000000008c600000, 0x000000008c700000| Untracked 
| 199|0x000000008c700000, 0x000000008c800000, 0x000000008c800000|100%| O|  |TAMS 0x000000008c700000, 0x000000008c7f1200| Untracked 
| 200|0x000000008c800000, 0x000000008c900000, 0x000000008c900000|100%| O|  |TAMS 0x000000008c800000, 0x000000008c800000| Untracked 
| 201|0x000000008c900000, 0x000000008ca00000, 0x000000008ca00000|100%| O|  |TAMS 0x000000008c900000, 0x000000008c900000| Untracked 
| 202|0x000000008ca00000, 0x000000008cb00000, 0x000000008cb00000|100%| O|  |TAMS 0x000000008ca00000, 0x000000008ca00000| Untracked 
| 203|0x000000008cb00000, 0x000000008cc00000, 0x000000008cc00000|100%| O|  |TAMS 0x000000008cb00000, 0x000000008cb00000| Untracked 
| 204|0x000000008cc00000, 0x000000008cd00000, 0x000000008cd00000|100%| O|  |TAMS 0x000000008cc00000, 0x000000008cc00000| Untracked 
| 205|0x000000008cd00000, 0x000000008cd00000, 0x000000008ce00000|  0%| F|  |TAMS 0x000000008cd00000, 0x000000008cd00000| Untracked 
| 206|0x000000008ce00000, 0x000000008ce00000, 0x000000008cf00000|  0%| F|  |TAMS 0x000000008ce00000, 0x000000008ce00000| Untracked 
| 207|0x000000008cf00000, 0x000000008cf00000, 0x000000008d000000|  0%| F|  |TAMS 0x000000008cf00000, 0x000000008cf00000| Untracked 
| 208|0x000000008d000000, 0x000000008d000000, 0x000000008d100000|  0%| F|  |TAMS 0x000000008d000000, 0x000000008d000000| Untracked 
| 209|0x000000008d100000, 0x000000008d100000, 0x000000008d200000|  0%| F|  |TAMS 0x000000008d100000, 0x000000008d100000| Untracked 
| 210|0x000000008d200000, 0x000000008d200000, 0x000000008d300000|  0%| F|  |TAMS 0x000000008d200000, 0x000000008d200000| Untracked 
| 211|0x000000008d300000, 0x000000008d300000, 0x000000008d400000|  0%| F|  |TAMS 0x000000008d300000, 0x000000008d300000| Untracked 
| 212|0x000000008d400000, 0x000000008d400000, 0x000000008d500000|  0%| F|  |TAMS 0x000000008d400000, 0x000000008d400000| Untracked 
| 213|0x000000008d500000, 0x000000008d500000, 0x000000008d600000|  0%| F|  |TAMS 0x000000008d500000, 0x000000008d500000| Untracked 
| 214|0x000000008d600000, 0x000000008d600000, 0x000000008d700000|  0%| F|  |TAMS 0x000000008d600000, 0x000000008d600000| Untracked 
| 215|0x000000008d700000, 0x000000008d700000, 0x000000008d800000|  0%| F|  |TAMS 0x000000008d700000, 0x000000008d700000| Untracked 
| 216|0x000000008d800000, 0x000000008d800000, 0x000000008d900000|  0%| F|  |TAMS 0x000000008d800000, 0x000000008d800000| Untracked 
| 217|0x000000008d900000, 0x000000008d900000, 0x000000008da00000|  0%| F|  |TAMS 0x000000008d900000, 0x000000008d900000| Untracked 
| 218|0x000000008da00000, 0x000000008da00000, 0x000000008db00000|  0%| F|  |TAMS 0x000000008da00000, 0x000000008da00000| Untracked 
| 219|0x000000008db00000, 0x000000008db00000, 0x000000008dc00000|  0%| F|  |TAMS 0x000000008db00000, 0x000000008db00000| Untracked 
| 220|0x000000008dc00000, 0x000000008dc00000, 0x000000008dd00000|  0%| F|  |TAMS 0x000000008dc00000, 0x000000008dc00000| Untracked 
| 221|0x000000008dd00000, 0x000000008dd00000, 0x000000008de00000|  0%| F|  |TAMS 0x000000008dd00000, 0x000000008dd00000| Untracked 
| 222|0x000000008de00000, 0x000000008de00000, 0x000000008df00000|  0%| F|  |TAMS 0x000000008de00000, 0x000000008de00000| Untracked 
| 223|0x000000008df00000, 0x000000008df00000, 0x000000008e000000|  0%| F|  |TAMS 0x000000008df00000, 0x000000008df00000| Untracked 
| 224|0x000000008e000000, 0x000000008e000000, 0x000000008e100000|  0%| F|  |TAMS 0x000000008e000000, 0x000000008e000000| Untracked 
| 225|0x000000008e100000, 0x000000008e100000, 0x000000008e200000|  0%| F|  |TAMS 0x000000008e100000, 0x000000008e100000| Untracked 
| 226|0x000000008e200000, 0x000000008e200000, 0x000000008e300000|  0%| F|  |TAMS 0x000000008e200000, 0x000000008e200000| Untracked 
| 227|0x000000008e300000, 0x000000008e300000, 0x000000008e400000|  0%| F|  |TAMS 0x000000008e300000, 0x000000008e300000| Untracked 
| 228|0x000000008e400000, 0x000000008e400000, 0x000000008e500000|  0%| F|  |TAMS 0x000000008e400000, 0x000000008e400000| Untracked 
| 229|0x000000008e500000, 0x000000008e500000, 0x000000008e600000|  0%| F|  |TAMS 0x000000008e500000, 0x000000008e500000| Untracked 
| 230|0x000000008e600000, 0x000000008e600000, 0x000000008e700000|  0%| F|  |TAMS 0x000000008e600000, 0x000000008e600000| Untracked 
| 231|0x000000008e700000, 0x000000008e700000, 0x000000008e800000|  0%| F|  |TAMS 0x000000008e700000, 0x000000008e700000| Untracked 
| 232|0x000000008e800000, 0x000000008e800000, 0x000000008e900000|  0%| F|  |TAMS 0x000000008e800000, 0x000000008e800000| Untracked 
| 233|0x000000008e900000, 0x000000008e900000, 0x000000008ea00000|  0%| F|  |TAMS 0x000000008e900000, 0x000000008e900000| Untracked 
| 234|0x000000008ea00000, 0x000000008ea00000, 0x000000008eb00000|  0%| F|  |TAMS 0x000000008ea00000, 0x000000008ea00000| Untracked 
| 235|0x000000008eb00000, 0x000000008eb00000, 0x000000008ec00000|  0%| F|  |TAMS 0x000000008eb00000, 0x000000008eb00000| Untracked 
| 236|0x000000008ec00000, 0x000000008ec00000, 0x000000008ed00000|  0%| F|  |TAMS 0x000000008ec00000, 0x000000008ec00000| Untracked 
| 237|0x000000008ed00000, 0x000000008ed00000, 0x000000008ee00000|  0%| F|  |TAMS 0x000000008ed00000, 0x000000008ed00000| Untracked 
| 238|0x000000008ee00000, 0x000000008ee00000, 0x000000008ef00000|  0%| F|  |TAMS 0x000000008ee00000, 0x000000008ee00000| Untracked 
| 239|0x000000008ef00000, 0x000000008ef00000, 0x000000008f000000|  0%| F|  |TAMS 0x000000008ef00000, 0x000000008ef00000| Untracked 
| 240|0x000000008f000000, 0x000000008f000000, 0x000000008f100000|  0%| F|  |TAMS 0x000000008f000000, 0x000000008f000000| Untracked 
| 241|0x000000008f100000, 0x000000008f100000, 0x000000008f200000|  0%| F|  |TAMS 0x000000008f100000, 0x000000008f100000| Untracked 
| 242|0x000000008f200000, 0x000000008f200000, 0x000000008f300000|  0%| F|  |TAMS 0x000000008f200000, 0x000000008f200000| Untracked 
| 243|0x000000008f300000, 0x000000008f300000, 0x000000008f400000|  0%| F|  |TAMS 0x000000008f300000, 0x000000008f300000| Untracked 
| 244|0x000000008f400000, 0x000000008f400000, 0x000000008f500000|  0%| F|  |TAMS 0x000000008f400000, 0x000000008f400000| Untracked 
| 245|0x000000008f500000, 0x000000008f500000, 0x000000008f600000|  0%| F|  |TAMS 0x000000008f500000, 0x000000008f500000| Untracked 
| 246|0x000000008f600000, 0x000000008f600000, 0x000000008f700000|  0%| F|  |TAMS 0x000000008f600000, 0x000000008f600000| Untracked 
| 247|0x000000008f700000, 0x000000008f700000, 0x000000008f800000|  0%| F|  |TAMS 0x000000008f700000, 0x000000008f700000| Untracked 
| 248|0x000000008f800000, 0x000000008f800000, 0x000000008f900000|  0%| F|  |TAMS 0x000000008f800000, 0x000000008f800000| Untracked 
| 249|0x000000008f900000, 0x000000008f900000, 0x000000008fa00000|  0%| F|  |TAMS 0x000000008f900000, 0x000000008f900000| Untracked 
| 250|0x000000008fa00000, 0x000000008fa00000, 0x000000008fb00000|  0%| F|  |TAMS 0x000000008fa00000, 0x000000008fa00000| Untracked 
| 251|0x000000008fb00000, 0x000000008fb00000, 0x000000008fc00000|  0%| F|  |TAMS 0x000000008fb00000, 0x000000008fb00000| Untracked 
| 252|0x000000008fc00000, 0x000000008fc00000, 0x000000008fd00000|  0%| F|  |TAMS 0x000000008fc00000, 0x000000008fc00000| Untracked 
| 253|0x000000008fd00000, 0x000000008fd00000, 0x000000008fe00000|  0%| F|  |TAMS 0x000000008fd00000, 0x000000008fd00000| Untracked 
| 254|0x000000008fe00000, 0x000000008fe00000, 0x000000008ff00000|  0%| F|  |TAMS 0x000000008fe00000, 0x000000008fe00000| Untracked 
| 255|0x000000008ff00000, 0x000000008ff00000, 0x0000000090000000|  0%| F|  |TAMS 0x000000008ff00000, 0x000000008ff00000| Untracked 
| 256|0x0000000090000000, 0x0000000090000000, 0x0000000090100000|  0%| F|  |TAMS 0x0000000090000000, 0x0000000090000000| Untracked 
| 257|0x0000000090100000, 0x0000000090100000, 0x0000000090200000|  0%| F|  |TAMS 0x0000000090100000, 0x0000000090100000| Untracked 
| 258|0x0000000090200000, 0x0000000090200000, 0x0000000090300000|  0%| F|  |TAMS 0x0000000090200000, 0x0000000090200000| Untracked 
| 259|0x0000000090300000, 0x0000000090400000, 0x0000000090400000|100%| E|CS|TAMS 0x0000000090300000, 0x0000000090300000| Complete 
| 260|0x0000000090400000, 0x0000000090500000, 0x0000000090500000|100%| E|CS|TAMS 0x0000000090400000, 0x0000000090400000| Complete 
| 261|0x0000000090500000, 0x0000000090600000, 0x0000000090600000|100%| E|CS|TAMS 0x0000000090500000, 0x0000000090500000| Complete 
| 262|0x0000000090600000, 0x0000000090700000, 0x0000000090700000|100%| E|CS|TAMS 0x0000000090600000, 0x0000000090600000| Complete 
| 263|0x0000000090700000, 0x0000000090700000, 0x0000000090800000|  0%| F|  |TAMS 0x0000000090700000, 0x0000000090700000| Untracked 
| 264|0x0000000090800000, 0x0000000090800000, 0x0000000090900000|  0%| F|  |TAMS 0x0000000090800000, 0x0000000090800000| Untracked 
| 265|0x0000000090900000, 0x0000000090a00000, 0x0000000090a00000|100%| S|  |TAMS 0x0000000090900000, 0x0000000090900000| Complete 
| 266|0x0000000090a00000, 0x0000000090b00000, 0x0000000090b00000|100%| S|  |TAMS 0x0000000090a00000, 0x0000000090a00000| Complete 
| 267|0x0000000090b00000, 0x0000000090c00000, 0x0000000090c00000|100%| S|  |TAMS 0x0000000090b00000, 0x0000000090b00000| Complete 
| 268|0x0000000090c00000, 0x0000000090d00000, 0x0000000090d00000|100%| S|  |TAMS 0x0000000090c00000, 0x0000000090c00000| Complete 
| 269|0x0000000090d00000, 0x0000000090e00000, 0x0000000090e00000|100%| E|CS|TAMS 0x0000000090d00000, 0x0000000090d00000| Complete 
| 270|0x0000000090e00000, 0x0000000090f00000, 0x0000000090f00000|100%| E|CS|TAMS 0x0000000090e00000, 0x0000000090e00000| Complete 
| 271|0x0000000090f00000, 0x0000000091000000, 0x0000000091000000|100%| E|CS|TAMS 0x0000000090f00000, 0x0000000090f00000| Complete 
| 272|0x0000000091000000, 0x0000000091100000, 0x0000000091100000|100%| E|CS|TAMS 0x0000000091000000, 0x0000000091000000| Complete 
| 273|0x0000000091100000, 0x0000000091200000, 0x0000000091200000|100%| E|CS|TAMS 0x0000000091100000, 0x0000000091100000| Complete 
| 274|0x0000000091200000, 0x0000000091300000, 0x0000000091300000|100%| E|CS|TAMS 0x0000000091200000, 0x0000000091200000| Complete 
| 275|0x0000000091300000, 0x0000000091400000, 0x0000000091400000|100%| E|CS|TAMS 0x0000000091300000, 0x0000000091300000| Complete 
| 276|0x0000000091400000, 0x0000000091500000, 0x0000000091500000|100%| E|CS|TAMS 0x0000000091400000, 0x0000000091400000| Complete 
| 277|0x0000000091500000, 0x0000000091600000, 0x0000000091600000|100%| E|CS|TAMS 0x0000000091500000, 0x0000000091500000| Complete 
| 278|0x0000000091600000, 0x0000000091700000, 0x0000000091700000|100%| E|CS|TAMS 0x0000000091600000, 0x0000000091600000| Complete 
| 279|0x0000000091700000, 0x0000000091800000, 0x0000000091800000|100%| E|CS|TAMS 0x0000000091700000, 0x0000000091700000| Complete 
| 280|0x0000000091800000, 0x0000000091900000, 0x0000000091900000|100%| E|CS|TAMS 0x0000000091800000, 0x0000000091800000| Complete 
| 281|0x0000000091900000, 0x0000000091a00000, 0x0000000091a00000|100%| E|CS|TAMS 0x0000000091900000, 0x0000000091900000| Complete 
| 282|0x0000000091a00000, 0x0000000091b00000, 0x0000000091b00000|100%| E|CS|TAMS 0x0000000091a00000, 0x0000000091a00000| Complete 
| 283|0x0000000091b00000, 0x0000000091c00000, 0x0000000091c00000|100%| E|CS|TAMS 0x0000000091b00000, 0x0000000091b00000| Complete 
| 284|0x0000000091c00000, 0x0000000091d00000, 0x0000000091d00000|100%| E|CS|TAMS 0x0000000091c00000, 0x0000000091c00000| Complete 
| 285|0x0000000091d00000, 0x0000000091e00000, 0x0000000091e00000|100%| E|CS|TAMS 0x0000000091d00000, 0x0000000091d00000| Complete 
| 286|0x0000000091e00000, 0x0000000091f00000, 0x0000000091f00000|100%| E|CS|TAMS 0x0000000091e00000, 0x0000000091e00000| Complete 
| 287|0x0000000091f00000, 0x0000000092000000, 0x0000000092000000|100%| E|CS|TAMS 0x0000000091f00000, 0x0000000091f00000| Complete 
| 288|0x0000000092000000, 0x0000000092100000, 0x0000000092100000|100%| E|CS|TAMS 0x0000000092000000, 0x0000000092000000| Complete 
| 289|0x0000000092100000, 0x0000000092200000, 0x0000000092200000|100%| E|CS|TAMS 0x0000000092100000, 0x0000000092100000| Complete 
| 290|0x0000000092200000, 0x0000000092300000, 0x0000000092300000|100%| E|CS|TAMS 0x0000000092200000, 0x0000000092200000| Complete 
| 291|0x0000000092300000, 0x0000000092400000, 0x0000000092400000|100%| E|CS|TAMS 0x0000000092300000, 0x0000000092300000| Complete 

Card table byte_map: [0x000001e52dfc0000,0x000001e52e3c0000] _byte_map_base: 0x000001e52dbc0000

Marking Bits (Prev, Next): (CMBitMap*) 0x000001e51add1808, (CMBitMap*) 0x000001e51add1840
 Prev Bits: [0x000001e52e7c0000, 0x000001e5307c0000)
 Next Bits: [0x000001e5307c0000, 0x000001e5327c0000)

Polling page: 0x000001e51a570000

Metaspace:

Usage:
  Non-class:    130.93 MB capacity,   128.40 MB ( 98%) used,     2.05 MB (  2%) free+waste,   489.25 KB ( <1%) overhead. 
      Class:     19.65 MB capacity,    18.22 MB ( 93%) used,     1.22 MB (  6%) free+waste,   211.75 KB (  1%) overhead. 
       Both:    150.58 MB capacity,   146.62 MB ( 97%) used,     3.27 MB (  2%) free+waste,   701.00 KB ( <1%) overhead. 

Virtual space:
  Non-class space:      134.00 MB reserved,     133.75 MB (>99%) committed 
      Class space:        1.00 GB reserved,      20.75 MB (  2%) committed 
             Both:        1.13 GB reserved,     154.50 MB ( 13%) committed 

Chunk freelists:
   Non-Class:  2.70 MB
       Class:  1.09 MB
        Both:  3.79 MB

MaxMetaspaceSize: 17179869184.00 GB
CompressedClassSpaceSize: 1.00 GB

CodeHeap 'non-profiled nmethods': size=120000Kb used=20569Kb max_used=20569Kb free=99430Kb
 bounds [0x000001e526350000, 0x000001e527780000, 0x000001e52d880000]
CodeHeap 'profiled nmethods': size=120000Kb used=54677Kb max_used=54934Kb free=65322Kb
 bounds [0x000001e51ee20000, 0x000001e522430000, 0x000001e526350000]
CodeHeap 'non-nmethods': size=5760Kb used=2439Kb max_used=2497Kb free=3320Kb
 bounds [0x000001e51e880000, 0x000001e51eb00000, 0x000001e51ee20000]
 total_blobs=25931 nmethods=24859 adapters=982
 compilation: enabled
              stopped_count=0, restarted_count=0
 full_count=0

Compilation events (20 events):
Event: 9463.651 Thread 0x000001e535bef800 28739       2       com.android.tools.r8.graph.Z0$$Lambda$2133/0x0000000100f55840::apply (16 bytes)
Event: 9463.652 Thread 0x000001e535bec000 nmethod 28686 0x000001e5270a2310 code [0x000001e5270a24c0, 0x000001e5270a29d8]
Event: 9463.652 Thread 0x000001e535bef800 nmethod 28739 0x000001e521137390 code [0x000001e521137540, 0x000001e5211376a8]
Event: 9463.652 Thread 0x000001e535bec000 28711   !   4       com.android.tools.r8.ir.conversion.k::a (509 bytes)
Event: 9463.652 Thread 0x000001e535bef800 28741       2       com.android.tools.r8.internal.gr::a (38 bytes)
Event: 9463.652 Thread 0x000001e535bef800 nmethod 28741 0x000001e52113a090 code [0x000001e52113a240, 0x000001e52113a3c8]
Event: 9463.652 Thread 0x000001e535bef800 28742       2       com.android.tools.r8.graph.Z::a (61 bytes)
Event: 9463.652 Thread 0x000001e535bef800 nmethod 28742 0x000001e521141190 code [0x000001e521141340, 0x000001e521141478]
Event: 9463.652 Thread 0x000001e535bef800 28743       2       com.android.tools.r8.internal.zj::a (10 bytes)
Event: 9463.653 Thread 0x000001e535bef800 nmethod 28743 0x000001e521140b90 code [0x000001e521140d60, 0x000001e521140fe8]
Event: 9463.653 Thread 0x000001e535bef800 28744       2       com.android.tools.r8.internal.yj::<init> (22 bytes)
Event: 9463.653 Thread 0x000001e535bef800 nmethod 28744 0x000001e521143310 code [0x000001e5211434e0, 0x000001e521143728]
Event: 9463.659 Thread 0x000001e535bef800 28745       2       com.android.tools.r8.internal.pr::c (7 bytes)
Event: 9463.659 Thread 0x000001e535bef800 nmethod 28745 0x000001e521142e10 code [0x000001e521142fc0, 0x000001e521143158]
Event: 9463.659 Thread 0x000001e535bef800 28746       2       com.android.tools.r8.internal.pr$$Lambda$2695/0x0000000100f30440::get$Lambda (9 bytes)
Event: 9463.659 Thread 0x000001e535bef800 nmethod 28746 0x000001e521145a90 code [0x000001e521145c40, 0x000001e521145db8]
Event: 9463.659 Thread 0x000001e535bef800 28747       2       com.android.tools.r8.internal.pr$$Lambda$2695/0x0000000100f30440::iterator (8 bytes)
Event: 9463.660 Thread 0x000001e535bef800 nmethod 28747 0x000001e521150210 code [0x000001e521150400, 0x000001e5211508f8]
Event: 9463.664 Thread 0x000001e535bef800 28749       2       com.android.tools.r8.internal.pr::d (53 bytes)
Event: 9463.665 Thread 0x000001e535bef800 nmethod 28749 0x000001e52114f290 code [0x000001e52114f4a0, 0x000001e52114f8f8]

GC Heap History (20 events):
Event: 9462.357 GC heap after
{Heap after GC invocations=203 (full 0):
 garbage-first heap   total 187392K, used 132477K [0x0000000080000000, 0x0000000100000000)
  region size 1024K, 3 young (3072K), 3 survivors (3072K)
 Metaspace       used 149904K, capacity 153985K, committed 158208K, reserved 1185792K
  class space    used 18657K, capacity 20121K, committed 21248K, reserved 1048576K
}
Event: 9463.038 GC heap before
{Heap before GC invocations=204 (full 0):
 garbage-first heap   total 187392K, used 166269K [0x0000000080000000, 0x0000000100000000)
  region size 1024K, 20 young (20480K), 3 survivors (3072K)
 Metaspace       used 149910K, capacity 153985K, committed 158208K, reserved 1185792K
  class space    used 18657K, capacity 20121K, committed 21248K, reserved 1048576K
}
Event: 9463.046 GC heap after
{Heap after GC invocations=205 (full 0):
 garbage-first heap   total 187392K, used 150669K [0x0000000080000000, 0x0000000100000000)
  region size 1024K, 3 young (3072K), 3 survivors (3072K)
 Metaspace       used 149910K, capacity 153985K, committed 158208K, reserved 1185792K
  class space    used 18657K, capacity 20121K, committed 21248K, reserved 1048576K
}
Event: 9463.065 GC heap before
{Heap before GC invocations=205 (full 0):
 garbage-first heap   total 187392K, used 155789K [0x0000000080000000, 0x0000000100000000)
  region size 1024K, 9 young (9216K), 3 survivors (3072K)
 Metaspace       used 149910K, capacity 153985K, committed 158208K, reserved 1185792K
  class space    used 18657K, capacity 20121K, committed 21248K, reserved 1048576K
}
Event: 9463.072 GC heap after
{Heap after GC invocations=206 (full 0):
 garbage-first heap   total 187392K, used 153658K [0x0000000080000000, 0x0000000100000000)
  region size 1024K, 2 young (2048K), 2 survivors (2048K)
 Metaspace       used 149910K, capacity 153985K, committed 158208K, reserved 1185792K
  class space    used 18657K, capacity 20121K, committed 21248K, reserved 1048576K
}
Event: 9463.088 GC heap before
{Heap before GC invocations=206 (full 0):
 garbage-first heap   total 187392K, used 159802K [0x0000000080000000, 0x0000000100000000)
  region size 1024K, 9 young (9216K), 2 survivors (2048K)
 Metaspace       used 149910K, capacity 153985K, committed 158208K, reserved 1185792K
  class space    used 18657K, capacity 20121K, committed 21248K, reserved 1048576K
}
Event: 9463.096 GC heap after
{Heap after GC invocations=207 (full 0):
 garbage-first heap   total 225280K, used 157130K [0x0000000080000000, 0x0000000100000000)
  region size 1024K, 2 young (2048K), 2 survivors (2048K)
 Metaspace       used 149910K, capacity 153985K, committed 158208K, reserved 1185792K
  class space    used 18657K, capacity 20121K, committed 21248K, reserved 1048576K
}
Event: 9463.198 GC heap before
{Heap before GC invocations=207 (full 0):
 garbage-first heap   total 225280K, used 176586K [0x0000000080000000, 0x0000000100000000)
  region size 1024K, 20 young (20480K), 2 survivors (2048K)
 Metaspace       used 149982K, capacity 154053K, committed 158208K, reserved 1185792K
  class space    used 18658K, capacity 20121K, committed 21248K, reserved 1048576K
}
Event: 9463.209 GC heap after
{Heap after GC invocations=208 (full 0):
 garbage-first heap   total 225280K, used 167102K [0x0000000080000000, 0x0000000100000000)
  region size 1024K, 3 young (3072K), 3 survivors (3072K)
 Metaspace       used 149982K, capacity 154053K, committed 158208K, reserved 1185792K
  class space    used 18658K, capacity 20121K, committed 21248K, reserved 1048576K
}
Event: 9463.274 GC heap before
{Heap before GC invocations=208 (full 0):
 garbage-first heap   total 225280K, used 180414K [0x0000000080000000, 0x0000000100000000)
  region size 1024K, 17 young (17408K), 3 survivors (3072K)
 Metaspace       used 150030K, capacity 154118K, committed 158208K, reserved 1185792K
  class space    used 18658K, capacity 20121K, committed 21248K, reserved 1048576K
}
Event: 9463.288 GC heap after
{Heap after GC invocations=209 (full 0):
 garbage-first heap   total 225280K, used 175360K [0x0000000080000000, 0x0000000100000000)
  region size 1024K, 3 young (3072K), 3 survivors (3072K)
 Metaspace       used 150030K, capacity 154118K, committed 158208K, reserved 1185792K
  class space    used 18658K, capacity 20121K, committed 21248K, reserved 1048576K
}
Event: 9463.329 GC heap before
{Heap before GC invocations=209 (full 0):
 garbage-first heap   total 225280K, used 186624K [0x0000000080000000, 0x0000000100000000)
  region size 1024K, 14 young (14336K), 3 survivors (3072K)
 Metaspace       used 150054K, capacity 154118K, committed 158208K, reserved 1185792K
  class space    used 18658K, capacity 20121K, committed 21248K, reserved 1048576K
}
Event: 9463.340 GC heap after
{Heap after GC invocations=210 (full 0):
 garbage-first heap   total 225280K, used 181933K [0x0000000080000000, 0x0000000100000000)
  region size 1024K, 2 young (2048K), 2 survivors (2048K)
 Metaspace       used 150054K, capacity 154118K, committed 158208K, reserved 1185792K
  class space    used 18658K, capacity 20121K, committed 21248K, reserved 1048576K
}
Event: 9463.367 GC heap before
{Heap before GC invocations=211 (full 0):
 garbage-first heap   total 225280K, used 191149K [0x0000000080000000, 0x0000000100000000)
  region size 1024K, 11 young (11264K), 2 survivors (2048K)
 Metaspace       used 150073K, capacity 154119K, committed 158208K, reserved 1185792K
  class space    used 18658K, capacity 20121K, committed 21248K, reserved 1048576K
}
Event: 9463.379 GC heap after
{Heap after GC invocations=212 (full 0):
 garbage-first heap   total 299008K, used 187090K [0x0000000080000000, 0x0000000100000000)
  region size 1024K, 2 young (2048K), 2 survivors (2048K)
 Metaspace       used 150073K, capacity 154119K, committed 158208K, reserved 1185792K
  class space    used 18658K, capacity 20121K, committed 21248K, reserved 1048576K
}
Event: 9463.408 GC heap before
{Heap before GC invocations=212 (full 0):
 garbage-first heap   total 299008K, used 199378K [0x0000000080000000, 0x0000000100000000)
  region size 1024K, 14 young (14336K), 2 survivors (2048K)
 Metaspace       used 150080K, capacity 154120K, committed 158208K, reserved 1185792K
  class space    used 18658K, capacity 20121K, committed 21248K, reserved 1048576K
}
Event: 9463.416 GC heap after
{Heap after GC invocations=213 (full 0):
 garbage-first heap   total 299008K, used 194060K [0x0000000080000000, 0x0000000100000000)
  region size 1024K, 2 young (2048K), 2 survivors (2048K)
 Metaspace       used 150080K, capacity 154120K, committed 158208K, reserved 1185792K
  class space    used 18658K, capacity 20121K, committed 21248K, reserved 1048576K
}
Event: 9463.493 GC heap before
{Heap before GC invocations=213 (full 0):
 garbage-first heap   total 299008K, used 220684K [0x0000000080000000, 0x0000000100000000)
  region size 1024K, 29 young (29696K), 2 survivors (2048K)
 Metaspace       used 150089K, capacity 154184K, committed 158208K, reserved 1185792K
  class space    used 18658K, capacity 20121K, committed 21248K, reserved 1048576K
}
Event: 9463.509 GC heap after
{Heap after GC invocations=214 (full 0):
 garbage-first heap   total 299008K, used 208836K [0x0000000080000000, 0x0000000100000000)
  region size 1024K, 4 young (4096K), 4 survivors (4096K)
 Metaspace       used 150089K, capacity 154184K, committed 158208K, reserved 1185792K
  class space    used 18658K, capacity 20121K, committed 21248K, reserved 1048576K
}
Event: 9463.680 GC heap before
{Heap before GC invocations=214 (full 0):
 garbage-first heap   total 299008K, used 232388K [0x0000000080000000, 0x0000000100000000)
  region size 1024K, 27 young (27648K), 4 survivors (4096K)
 Metaspace       used 150143K, capacity 154192K, committed 158208K, reserved 1185792K
  class space    used 18658K, capacity 20121K, committed 21248K, reserved 1048576K
}

Deoptimization events (20 events):
Event: 9463.363 Thread 0x000001e5380d1800 DEOPT PACKING pc=0x000001e5223ac369 sp=0x000000c147afecf0
Event: 9463.363 Thread 0x000001e5380d1800 DEOPT UNPACKING pc=0x000001e51e8a8ede sp=0x000000c147afe248 mode 0
Event: 9463.578 Thread 0x000001e5380d6000 DEOPT PACKING pc=0x000001e520cd0490 sp=0x000000c1478fe910
Event: 9463.578 Thread 0x000001e5380d6000 DEOPT UNPACKING pc=0x000001e51e8a8ede sp=0x000000c1478fde48 mode 0
Event: 9463.617 Thread 0x000001e5383d8800 Uncommon trap: trap_request=0xffffff4d fr.pc=0x000001e52703174c relative=0x0000000000000f4c
Event: 9463.617 Thread 0x000001e5383d8800 Uncommon trap: reason=unstable_if action=reinterpret pc=0x000001e52703174c method=com.android.tools.r8.internal.lp.a(Ljava/lang/Object;Z)Lcom/android/tools/r8/internal/np; @ 84 c2
Event: 9463.617 Thread 0x000001e5383d8800 DEOPT PACKING pc=0x000001e52703174c sp=0x000000c146efdb60
Event: 9463.617 Thread 0x000001e5383d8800 DEOPT UNPACKING pc=0x000001e51e8883af sp=0x000000c146efdb10 mode 2
Event: 9463.617 Thread 0x000001e5383d8800 Uncommon trap: trap_request=0xfffffff4 fr.pc=0x000001e526fbabf8 relative=0x0000000000000338
Event: 9463.617 Thread 0x000001e5383d8800 Uncommon trap: reason=null_check action=make_not_entrant pc=0x000001e526fbabf8 method=com.android.tools.r8.internal.Yj.a(Ljava/lang/Object;)V @ 71 c2
Event: 9463.617 Thread 0x000001e5383d8800 DEOPT PACKING pc=0x000001e526fbabf8 sp=0x000000c146efdb40
Event: 9463.617 Thread 0x000001e5383d8800 DEOPT UNPACKING pc=0x000001e51e8883af sp=0x000000c146efdae8 mode 2
Event: 9463.637 Thread 0x000001e5383d8800 Uncommon trap: trap_request=0xffffffbe fr.pc=0x000001e526e0d658 relative=0x0000000000001d98
Event: 9463.637 Thread 0x000001e5383d8800 Uncommon trap: reason=profile_predicate action=maybe_recompile pc=0x000001e526e0d658 method=com.android.tools.r8.internal.h8.a(Ljava/util/Iterator;Ljava/util/Iterator;Lcom/android/tools/r8/internal/BE$a;)I @ 5 c2
Event: 9463.637 Thread 0x000001e5383d8800 DEOPT PACKING pc=0x000001e526e0d658 sp=0x000000c146efd3c0
Event: 9463.637 Thread 0x000001e5383d8800 DEOPT UNPACKING pc=0x000001e51e8883af sp=0x000000c146efd318 mode 2
Event: 9463.637 Thread 0x000001e5383d8800 Uncommon trap: trap_request=0xffffffbe fr.pc=0x000001e526e0d658 relative=0x0000000000001d98
Event: 9463.637 Thread 0x000001e5383d8800 Uncommon trap: reason=profile_predicate action=maybe_recompile pc=0x000001e526e0d658 method=com.android.tools.r8.internal.h8.a(Ljava/util/Iterator;Ljava/util/Iterator;Lcom/android/tools/r8/internal/BE$a;)I @ 5 c2
Event: 9463.637 Thread 0x000001e5383d8800 DEOPT PACKING pc=0x000001e526e0d658 sp=0x000000c146efd3c0
Event: 9463.637 Thread 0x000001e5383d8800 DEOPT UNPACKING pc=0x000001e51e8883af sp=0x000000c146efd318 mode 2

Classes redefined (0 events):
No events

Internal exceptions (20 events):
Event: 9459.775 Thread 0x000001e541b30800 Exception <a 'java/lang/NoSuchMethodError'{0x0000000089a54b50}: <clinit>> (0x0000000089a54b50) thrown at [./src/hotspot/share/prims/jni.cpp, line 1362]
Event: 9459.775 Thread 0x000001e541b30800 Exception <a 'java/lang/NoSuchMethodError'{0x0000000089a55df8}: <clinit>> (0x0000000089a55df8) thrown at [./src/hotspot/share/prims/jni.cpp, line 1362]
Event: 9459.775 Thread 0x000001e541b30800 Exception <a 'java/lang/NoSuchMethodError'{0x0000000089a60008}: <clinit>> (0x0000000089a60008) thrown at [./src/hotspot/share/prims/jni.cpp, line 1362]
Event: 9459.777 Thread 0x000001e541b30800 Exception <a 'java/lang/NoSuchMethodError'{0x0000000089a78678}: <clinit>> (0x0000000089a78678) thrown at [./src/hotspot/share/prims/jni.cpp, line 1362]
Event: 9459.777 Thread 0x000001e541b30800 Exception <a 'java/lang/NoSuchMethodError'{0x0000000089a79b58}: <clinit>> (0x0000000089a79b58) thrown at [./src/hotspot/share/prims/jni.cpp, line 1362]
Event: 9459.784 Thread 0x000001e541b30800 Exception <a 'java/lang/NoSuchMethodError'{0x0000000089af3450}: <clinit>> (0x0000000089af3450) thrown at [./src/hotspot/share/prims/jni.cpp, line 1362]
Event: 9459.787 Thread 0x000001e541b30800 Exception <a 'java/lang/NoSuchMethodError'{0x0000000089923b00}: <clinit>> (0x0000000089923b00) thrown at [./src/hotspot/share/prims/jni.cpp, line 1362]
Event: 9459.788 Thread 0x000001e541b30800 Exception <a 'java/lang/NoSuchMethodError'{0x00000000899369a8}: <clinit>> (0x00000000899369a8) thrown at [./src/hotspot/share/prims/jni.cpp, line 1362]
Event: 9460.050 Thread 0x000001e53d51c800 Exception <a 'sun/nio/fs/WindowsException'{0x000000008b60bcd0}> (0x000000008b60bcd0) thrown at [./src/hotspot/share/prims/jni.cpp, line 615]
Event: 9460.052 Thread 0x000001e53d518800 Exception <a 'sun/nio/fs/WindowsException'{0x000000008b68fe50}> (0x000000008b68fe50) thrown at [./src/hotspot/share/prims/jni.cpp, line 615]
Event: 9460.052 Thread 0x000001e541b2a800 Exception <a 'sun/nio/fs/WindowsException'{0x000000008b6e7b98}> (0x000000008b6e7b98) thrown at [./src/hotspot/share/prims/jni.cpp, line 615]
Event: 9460.064 Thread 0x000001e541b33800 Exception <a 'sun/nio/fs/WindowsException'{0x000000008ab4b818}> (0x000000008ab4b818) thrown at [./src/hotspot/share/prims/jni.cpp, line 615]
Event: 9460.198 Thread 0x000001e541b2a800 Exception <a 'sun/nio/fs/WindowsException'{0x000000008a6a13b8}> (0x000000008a6a13b8) thrown at [./src/hotspot/share/prims/jni.cpp, line 615]
Event: 9460.200 Thread 0x000001e541b2a800 Implicit null exception at 0x000001e526e2d51b to 0x000001e526e2dcd4
Event: 9460.266 Thread 0x000001e53d51c800 Exception <a 'java/lang/NoSuchMethodError'{0x000000008a13ee30}: 'java.lang.Object java.lang.invoke.DirectMethodHandle$Holder.invokeInterface(java.lang.Object, java.lang.Object, int)'> (0x000000008a13ee30) thrown at [./src/hotspot/share/interpreter/linkResolver.cpp, line 773]
Event: 9460.430 Thread 0x000001e53d51c800 Exception <a 'sun/nio/fs/WindowsException'{0x000000008b436a18}> (0x000000008b436a18) thrown at [./src/hotspot/share/prims/jni.cpp, line 615]
Event: 9460.459 Thread 0x000001e53d518800 Exception <a 'sun/nio/fs/WindowsException'{0x000000008a990860}> (0x000000008a990860) thrown at [./src/hotspot/share/prims/jni.cpp, line 615]
Event: 9461.374 Thread 0x000001e541b33800 Exception <a 'sun/nio/fs/WindowsException'{0x000000008920bf50}> (0x000000008920bf50) thrown at [./src/hotspot/share/prims/jni.cpp, line 615]
Event: 9461.438 Thread 0x000001e541b33800 Exception <a 'java/lang/NoSuchMethodError'{0x00000000892ff8e8}: <clinit>> (0x00000000892ff8e8) thrown at [./src/hotspot/share/prims/jni.cpp, line 1362]
Event: 9462.995 Thread 0x000001e5383d8800 Exception <a 'sun/nio/fs/WindowsException'{0x000000008b6fa820}> (0x000000008b6fa820) thrown at [./src/hotspot/share/prims/jni.cpp, line 615]

Events (20 events):
Event: 9463.554 Executing VM operation: RevokeBias done
Event: 9463.554 Executing VM operation: RevokeBias
Event: 9463.554 Executing coalesced safepoint VM operation: RevokeBias
Event: 9463.554 Executing coalesced safepoint VM operation: RevokeBias done
Event: 9463.554 Executing coalesced safepoint VM operation: RevokeBias
Event: 9463.554 Executing coalesced safepoint VM operation: RevokeBias done
Event: 9463.554 Executing coalesced safepoint VM operation: RevokeBias
Event: 9463.554 Executing coalesced safepoint VM operation: RevokeBias done
Event: 9463.554 Executing coalesced safepoint VM operation: RevokeBias
Event: 9463.554 Executing coalesced safepoint VM operation: RevokeBias done
Event: 9463.554 Executing coalesced safepoint VM operation: RevokeBias
Event: 9463.554 Executing coalesced safepoint VM operation: RevokeBias done
Event: 9463.554 Executing coalesced safepoint VM operation: BulkRevokeBias
Event: 9463.558 Executing coalesced safepoint VM operation: BulkRevokeBias done
Event: 9463.558 Executing coalesced safepoint VM operation: RevokeBias
Event: 9463.558 Executing coalesced safepoint VM operation: RevokeBias done
Event: 9463.558 Executing VM operation: RevokeBias done
Event: 9463.628 Executing VM operation: RevokeBias
Event: 9463.628 Executing VM operation: RevokeBias done
Event: 9463.680 Executing VM operation: G1CollectForAllocation


Dynamic libraries:
0x00007ff739960000 - 0x00007ff73996a000 	C:\Program Files\Android\Android Studio\jre\bin\java.exe
0x00007ffd49a00000 - 0x00007ffd49c07000 	C:\WINDOWS\SYSTEM32\ntdll.dll
0x00007ffd47c80000 - 0x00007ffd47d3d000 	C:\WINDOWS\System32\KERNEL32.DLL
0x00007ffd471b0000 - 0x00007ffd47524000 	C:\WINDOWS\System32\KERNELBASE.dll
0x00007ffd46fa0000 - 0x00007ffd470b1000 	C:\WINDOWS\System32\ucrtbase.dll
0x00007ffd36ea0000 - 0x00007ffd36eb9000 	C:\Program Files\Android\Android Studio\jre\bin\jli.dll
0x00007ffd34560000 - 0x00007ffd34577000 	C:\Program Files\Android\Android Studio\jre\bin\VCRUNTIME140.dll
0x00007ffd49800000 - 0x00007ffd499ac000 	C:\WINDOWS\System32\USER32.dll
0x00007ffd330b0000 - 0x00007ffd33355000 	C:\WINDOWS\WinSxS\amd64_microsoft.windows.common-controls_6595b64144ccf1df_6.0.22000.120_none_9d947278b86cc467\COMCTL32.dll
0x00007ffd47530000 - 0x00007ffd47556000 	C:\WINDOWS\System32\win32u.dll
0x00007ffd479b0000 - 0x00007ffd47a53000 	C:\WINDOWS\System32\msvcrt.dll
0x00007ffd480e0000 - 0x00007ffd48109000 	C:\WINDOWS\System32\GDI32.dll
0x00007ffd47770000 - 0x00007ffd47882000 	C:\WINDOWS\System32\gdi32full.dll
0x00007ffd47560000 - 0x00007ffd475fd000 	C:\WINDOWS\System32\msvcp_win.dll
0x00007ffd47db0000 - 0x00007ffd47de1000 	C:\WINDOWS\System32\IMM32.DLL
0x00007ffd14d40000 - 0x00007ffd14ddd000 	C:\Program Files\Android\Android Studio\jre\bin\msvcp140.dll
0x00007ffcf0d90000 - 0x00007ffcf185f000 	C:\Program Files\Android\Android Studio\jre\bin\server\jvm.dll
0x00007ffd47fa0000 - 0x00007ffd4804c000 	C:\WINDOWS\System32\ADVAPI32.dll
0x00007ffd49540000 - 0x00007ffd495dd000 	C:\WINDOWS\System32\sechost.dll
0x00007ffd47b50000 - 0x00007ffd47c71000 	C:\WINDOWS\System32\RPCRT4.dll
0x00007ffd499b0000 - 0x00007ffd499b8000 	C:\WINDOWS\System32\PSAPI.DLL
0x00007ffd37270000 - 0x00007ffd37279000 	C:\WINDOWS\SYSTEM32\WSOCK32.dll
0x00007ffd40be0000 - 0x00007ffd40c13000 	C:\WINDOWS\SYSTEM32\WINMM.dll
0x00007ffd40110000 - 0x00007ffd4011a000 	C:\WINDOWS\SYSTEM32\VERSION.dll
0x00007ffd47d40000 - 0x00007ffd47daf000 	C:\WINDOWS\System32\WS2_32.dll
0x00007ffd45fc0000 - 0x00007ffd45fd8000 	C:\WINDOWS\SYSTEM32\kernel.appcore.dll
0x00007ffd08ef0000 - 0x00007ffd08f01000 	C:\Program Files\Android\Android Studio\jre\bin\verify.dll
0x00007ffd44bb0000 - 0x00007ffd44dd1000 	C:\WINDOWS\SYSTEM32\DBGHELP.DLL
0x00007ffd33400000 - 0x00007ffd33431000 	C:\WINDOWS\SYSTEM32\dbgcore.DLL
0x00007ffd47130000 - 0x00007ffd471b0000 	C:\WINDOWS\System32\bcryptPrimitives.dll
0x00007ffd08ce0000 - 0x00007ffd08d09000 	C:\Program Files\Android\Android Studio\jre\bin\java.dll
0x00007ffd17f10000 - 0x00007ffd17f1b000 	C:\Program Files\Android\Android Studio\jre\bin\jimage.dll
0x00007ffd08cc0000 - 0x00007ffd08cd8000 	C:\Program Files\Android\Android Studio\jre\bin\zip.dll
0x00007ffd487a0000 - 0x00007ffd48f4a000 	C:\WINDOWS\System32\SHELL32.dll
0x00007ffd45040000 - 0x00007ffd458a2000 	C:\WINDOWS\SYSTEM32\windows.storage.dll
0x00007ffd48420000 - 0x00007ffd48798000 	C:\WINDOWS\System32\combase.dll
0x00007ffd44ed0000 - 0x00007ffd45036000 	C:\WINDOWS\SYSTEM32\wintypes.dll
0x00007ffd481f0000 - 0x00007ffd482da000 	C:\WINDOWS\System32\SHCORE.dll
0x00007ffd48f50000 - 0x00007ffd48fad000 	C:\WINDOWS\System32\shlwapi.dll
0x00007ffd46e10000 - 0x00007ffd46e31000 	C:\WINDOWS\SYSTEM32\profapi.dll
0x00007ffd08ca0000 - 0x00007ffd08cba000 	C:\Program Files\Android\Android Studio\jre\bin\net.dll
0x00007ffd40580000 - 0x00007ffd4068c000 	C:\WINDOWS\SYSTEM32\WINHTTP.dll
0x00007ffd463c0000 - 0x00007ffd46427000 	C:\WINDOWS\system32\mswsock.dll
0x00007ffd08c80000 - 0x00007ffd08c94000 	C:\Program Files\Android\Android Studio\jre\bin\nio.dll
0x00007ffd36f70000 - 0x00007ffd36f97000 	C:\Users\wande\.gradle\native\8bec1ad78214c89d9ad589b4d07fe93259594b29d510b10fafb7a158f7737e5d\windows-amd64\native-platform.dll
0x00007ffce6280000 - 0x00007ffce63bd000 	C:\Users\wande\.gradle\native\53dbd7edfb1c66fb8903c78663c9afc45aea4f116125fa6feffd364cf09443e8\windows-amd64\native-platform-file-events.dll
0x00007ffd17b40000 - 0x00007ffd17b4a000 	C:\Program Files\Android\Android Studio\jre\bin\management.dll
0x00007ffd17550000 - 0x00007ffd1755c000 	C:\Program Files\Android\Android Studio\jre\bin\management_ext.dll
0x00007ffd46700000 - 0x00007ffd46718000 	C:\WINDOWS\SYSTEM32\CRYPTSP.dll
0x00007ffd45f20000 - 0x00007ffd45f55000 	C:\WINDOWS\system32\rsaenh.dll
0x00007ffd46460000 - 0x00007ffd46489000 	C:\WINDOWS\SYSTEM32\USERENV.dll
0x00007ffd46740000 - 0x00007ffd46767000 	C:\WINDOWS\SYSTEM32\bcrypt.dll
0x00007ffd465b0000 - 0x00007ffd465bc000 	C:\WINDOWS\SYSTEM32\CRYPTBASE.dll
0x00007ffd45b40000 - 0x00007ffd45b6d000 	C:\WINDOWS\SYSTEM32\IPHLPAPI.DLL
0x00007ffd480c0000 - 0x00007ffd480c9000 	C:\WINDOWS\System32\NSI.dll
0x00007ffd40370000 - 0x00007ffd40389000 	C:\WINDOWS\SYSTEM32\dhcpcsvc6.DLL
0x00007ffd40fc0000 - 0x00007ffd40fde000 	C:\WINDOWS\SYSTEM32\dhcpcsvc.DLL
0x00007ffd45b70000 - 0x00007ffd45c57000 	C:\WINDOWS\SYSTEM32\DNSAPI.dll
0x00007ffd3b380000 - 0x00007ffd3b39e000 	C:\Users\wande\AppData\Local\Temp\native-platform12612302197500728429dir\native-platform.dll
0x00007ffd42bd0000 - 0x00007ffd42bd8000 	C:\Program Files\Android\Android Studio\jre\bin\rmi.dll
0x00007ffd36f30000 - 0x00007ffd36f57000 	C:\Program Files\Android\Android Studio\jre\bin\sunec.dll
0x00007ffd402b0000 - 0x00007ffd402ba000 	C:\Windows\System32\rasadhlp.dll
0x00007ffd3e180000 - 0x00007ffd3e201000 	C:\WINDOWS\System32\fwpuclnt.dll

dbghelp: loaded successfully - version: 4.0.5 - missing functions: none
symbol engine: initialized successfully - sym options: 0x614 - pdb path: .;C:\Program Files\Android\Android Studio\jre\bin;C:\WINDOWS\SYSTEM32;C:\WINDOWS\WinSxS\amd64_microsoft.windows.common-controls_6595b64144ccf1df_6.0.22000.120_none_9d947278b86cc467;C:\Program Files\Android\Android Studio\jre\bin\server;C:\Users\wande\.gradle\native\8bec1ad78214c89d9ad589b4d07fe93259594b29d510b10fafb7a158f7737e5d\windows-amd64;C:\Users\wande\.gradle\native\53dbd7edfb1c66fb8903c78663c9afc45aea4f116125fa6feffd364cf09443e8\windows-amd64;C:\Users\wande\AppData\Local\Temp\native-platform12612302197500728429dir

VM Arguments:
jvm_args: --add-opens=java.base/java.util=ALL-UNNAMED --add-opens=java.base/java.lang=ALL-UNNAMED --add-opens=java.base/java.lang.invoke=ALL-UNNAMED --add-opens=java.base/java.util=ALL-UNNAMED --add-opens=java.prefs/java.util.prefs=ALL-UNNAMED --add-opens=java.prefs/java.util.prefs=ALL-UNNAMED --add-opens=java.base/java.nio.charset=ALL-UNNAMED --add-opens=java.base/java.net=ALL-UNNAMED --add-opens=java.base/java.util.concurrent.atomic=ALL-UNNAMED -Xmx2048m -Dfile.encoding=UTF-8 -Duser.country=BR -Duser.language=pt -Duser.variant 
java_command: org.gradle.launcher.daemon.bootstrap.GradleDaemon 7.0.2
java_class_path (initial): C:\Users\wande\.gradle\wrapper\dists\gradle-7.0.2-bin\857tjihv64xamwrf0h14cai3r\gradle-7.0.2\lib\gradle-launcher-7.0.2.jar
Launcher Type: SUN_STANDARD

[Global flags]
     intx CICompilerCount                          = 4                                         {product} {ergonomic}
     uint ConcGCThreads                            = 2                                         {product} {ergonomic}
     uint G1ConcRefinementThreads                  = 8                                         {product} {ergonomic}
   size_t G1HeapRegionSize                         = 1048576                                   {product} {ergonomic}
    uintx GCDrainStackTargetSize                   = 64                                        {product} {ergonomic}
   size_t InitialHeapSize                          = 132120576                                 {product} {ergonomic}
   size_t MarkStackSize                            = 4194304                                   {product} {ergonomic}
   size_t MaxHeapSize                              = 2147483648                                {product} {command line}
   size_t MaxNewSize                               = 1287651328                                {product} {ergonomic}
   size_t MinHeapDeltaBytes                        = 1048576                                   {product} {ergonomic}
    uintx NonNMethodCodeHeapSize                   = 5836300                                {pd product} {ergonomic}
    uintx NonProfiledCodeHeapSize                  = 122910970                              {pd product} {ergonomic}
    uintx ProfiledCodeHeapSize                     = 122910970                              {pd product} {ergonomic}
    uintx ReservedCodeCacheSize                    = 251658240                              {pd product} {ergonomic}
     bool SegmentedCodeCache                       = true                                      {product} {ergonomic}
     bool UseCompressedClassPointers               = true                                 {lp64_product} {ergonomic}
     bool UseCompressedOops                        = true                                 {lp64_product} {ergonomic}
     bool UseG1GC                                  = true                                      {product} {ergonomic}
     bool UseLargePagesIndividualAllocation        = false                                  {pd product} {ergonomic}

Logging:
Log output configuration:
 #0: stdout all=warning uptime,level,tags
 #1: stderr all=off uptime,level,tags

Environment Variables:
PATH=C:\WINDOWS\system32;C:\WINDOWS;C:\WINDOWS\System32\Wbem;C:\WINDOWS\System32\WindowsPowerShell\v1.0\;C:\WINDOWS\System32\OpenSSH\;C:\Program Files (x86)\Microsoft SQL Server\150\DTS\Binn\;C:\ProgramData\UNIVALI\Portugol Studio;C:\Program Files\Git\cmd;C:\Program Files\dotnet\;C:\java\jdk-11.0.12\bin;C:\Users\wande\OneDrive\Documentos\BOOTCAMP_JAVA\JAVA\gradle\gradle-4.7;C:\Users\wande\OneDrive\Documentos\BOOTCAMP_JAVA\JAVA\gradle\gradle-4.7\bin;C:\Users\wande\OneDrive\Documentos\BOOTCAMP_JAVA\JAVA\maven\apache-maven-3.8.1\bin;;C:\Program Files\nodejs\;C:\Program Files\Docker\Docker\resources\bin;C:\ProgramData\DockerDesktop\version-bin;C:\Users\wande\.poetry\bin;C:\Users\wande\AppData\Local\Programs\Python\Python38-32\Scripts\;C:\Users\wande\AppData\Local\Programs\Python\Python38-32\;C:\Users\wande\AppData\Local\Microsoft\WindowsApps;C:\Users\wande\AppData\Local\Programs\Microsoft VS Code\bin;C:\Program Files\heroku\bin;C:\Users\wande\.dotnet\tools;C:\Users\wande\AppData\Local\GitHubDesktop\bin;C:\Program Files\JetBrains\DataGrip 2021.2.1\bin;;C:\Users\wande\AppData\Roaming\npm
USERNAME=Wanderson
OS=Windows_NT
PROCESSOR_IDENTIFIER=Intel64 Family 6 Model 126 Stepping 5, GenuineIntel



---------------  S Y S T E M  ---------------

OS: Windows 10 , 64 bit Build 22000 (10.0.22000.318)
OS uptime: 0 days 2:49 hours
Hyper-V role detected

CPU:total 8 (initial active 8) (4 cores per cpu, 2 threads per core) family 6 model 126 stepping 5 microcode 0xa6, cmov, cx8, fxsr, mmx, sse, sse2, sse3, ssse3, sse4.1, sse4.2, popcnt, avx, avx2, aes, clmul, erms, 3dnowpref, lzcnt, ht, tsc, tscinvbit, bmi1, bmi2, adx, evex, sha, fma

Memory: 4k page, system-wide physical 7987M (1360M free)
TotalPageFile size 13363M (AvailPageFile size 5386M)
current process WorkingSet (physical memory assigned to process): 609M, peak: 613M
current process commit charge ("private bytes"): 758M, peak: 763M

vm_info: OpenJDK 64-Bit Server VM (11.0.10+0-b96-7249189) for windows-amd64 JRE (11.0.10+0-b96-7249189), built on Mar 31 2021 21:44:00 by "builder" with MS VC++ 14.0 (VS2015)

END.
